

Started GET "/" for 127.0.0.1 at 2014-04-22 06:15:54 -0500
Processing by Rails::WelcomeController#index as HTML
  Rendered C:/RailsInstaller/Ruby1.9.3/lib/ruby/gems/1.9.1/gems/railties-4.0.2/lib/rails/templates/rails/welcome/index.html.erb (24.0ms)
Completed 200 OK in 282ms (Views: 209.0ms | ActiveRecord: 0.0ms)


Started GET "/welcome/index" for 127.0.0.1 at 2014-04-22 06:23:13 -0500
Processing by WelcomeController#index as HTML
  Rendered welcome/index.html.erb within layouts/application (8.0ms)
Completed 200 OK in 6376ms (Views: 6333.4ms | ActiveRecord: 0.0ms)


Started GET "/welcome/index" for 127.0.0.1 at 2014-04-22 06:23:20 -0500
Processing by WelcomeController#index as HTML
  Rendered welcome/index.html.erb within layouts/application (0.0ms)
Completed 200 OK in 15ms (Views: 15.0ms | ActiveRecord: 0.0ms)


Started GET "/assets/application.css?body=1" for 127.0.0.1 at 2014-04-22 06:23:20 -0500


Started GET "/assets/welcome.css?body=1" for 127.0.0.1 at 2014-04-22 06:23:20 -0500


Started GET "/assets/jquery.js?body=1" for 127.0.0.1 at 2014-04-22 06:23:20 -0500


Started GET "/assets/jquery_ujs.js?body=1" for 127.0.0.1 at 2014-04-22 06:23:20 -0500


Started GET "/assets/turbolinks.js?body=1" for 127.0.0.1 at 2014-04-22 06:23:20 -0500


Started GET "/assets/welcome.js?body=1" for 127.0.0.1 at 2014-04-22 06:23:20 -0500


Started GET "/assets/application.js?body=1" for 127.0.0.1 at 2014-04-22 06:23:20 -0500


Started GET "/" for 127.0.0.1 at 2014-04-22 06:23:37 -0500
Processing by WelcomeController#index as HTML
  Rendered welcome/index.html.erb within layouts/application (0.0ms)
Completed 200 OK in 61ms (Views: 34.0ms | ActiveRecord: 0.0ms)


Started GET "/assets/application.css?body=1" for 127.0.0.1 at 2014-04-22 06:23:38 -0500


Started GET "/assets/jquery.js?body=1" for 127.0.0.1 at 2014-04-22 06:23:38 -0500


Started GET "/assets/welcome.js?body=1" for 127.0.0.1 at 2014-04-22 06:23:38 -0500


Started GET "/assets/turbolinks.js?body=1" for 127.0.0.1 at 2014-04-22 06:23:38 -0500


Started GET "/assets/welcome.css?body=1" for 127.0.0.1 at 2014-04-22 06:23:38 -0500


Started GET "/assets/jquery_ujs.js?body=1" for 127.0.0.1 at 2014-04-22 06:23:38 -0500


Started GET "/assets/application.js?body=1" for 127.0.0.1 at 2014-04-22 06:23:38 -0500


Started GET "/articles/new" for 127.0.0.1 at 2014-04-22 06:26:57 -0500

ActionController::RoutingError (No route matches [GET] "/articles/new"):
  actionpack (4.0.2) lib/action_dispatch/middleware/debug_exceptions.rb:21:in `call'
  actionpack (4.0.2) lib/action_dispatch/middleware/show_exceptions.rb:30:in `call'
  railties (4.0.2) lib/rails/rack/logger.rb:38:in `call_app'
  railties (4.0.2) lib/rails/rack/logger.rb:20:in `block in call'
  activesupport (4.0.2) lib/active_support/tagged_logging.rb:67:in `block in tagged'
  activesupport (4.0.2) lib/active_support/tagged_logging.rb:25:in `tagged'
  activesupport (4.0.2) lib/active_support/tagged_logging.rb:67:in `tagged'
  railties (4.0.2) lib/rails/rack/logger.rb:20:in `call'
  actionpack (4.0.2) lib/action_dispatch/middleware/request_id.rb:21:in `call'
  rack (1.5.2) lib/rack/methodoverride.rb:21:in `call'
  rack (1.5.2) lib/rack/runtime.rb:17:in `call'
  activesupport (4.0.2) lib/active_support/cache/strategy/local_cache.rb:83:in `call'
  rack (1.5.2) lib/rack/lock.rb:17:in `call'
  actionpack (4.0.2) lib/action_dispatch/middleware/static.rb:64:in `call'
  rack (1.5.2) lib/rack/sendfile.rb:112:in `call'
  railties (4.0.2) lib/rails/engine.rb:511:in `call'
  railties (4.0.2) lib/rails/application.rb:97:in `call'
  rack (1.5.2) lib/rack/lock.rb:17:in `call'
  rack (1.5.2) lib/rack/content_length.rb:14:in `call'
  rack (1.5.2) lib/rack/handler/webrick.rb:60:in `service'
  C:/RailsInstaller/Ruby1.9.3/lib/ruby/1.9.1/webrick/httpserver.rb:138:in `service'
  C:/RailsInstaller/Ruby1.9.3/lib/ruby/1.9.1/webrick/httpserver.rb:94:in `run'
  C:/RailsInstaller/Ruby1.9.3/lib/ruby/1.9.1/webrick/server.rb:191:in `block in start_thread'


  Rendered C:/RailsInstaller/Ruby1.9.3/lib/ruby/gems/1.9.1/gems/actionpack-4.0.2/lib/action_dispatch/middleware/templates/rescues/_trace.erb (25.0ms)
  Rendered C:/RailsInstaller/Ruby1.9.3/lib/ruby/gems/1.9.1/gems/actionpack-4.0.2/lib/action_dispatch/middleware/templates/routes/_route.html.erb (1.0ms)
  Rendered C:/RailsInstaller/Ruby1.9.3/lib/ruby/gems/1.9.1/gems/actionpack-4.0.2/lib/action_dispatch/middleware/templates/routes/_table.html.erb (90.0ms)
  Rendered C:/RailsInstaller/Ruby1.9.3/lib/ruby/gems/1.9.1/gems/actionpack-4.0.2/lib/action_dispatch/middleware/templates/rescues/routing_error.erb within rescues/layout (287.0ms)


Started GET "/articles/new" for 127.0.0.1 at 2014-04-22 06:30:29 -0500

ActionController::RoutingError (No route matches [GET] "/articles/new"):
  actionpack (4.0.2) lib/action_dispatch/middleware/debug_exceptions.rb:21:in `call'
  actionpack (4.0.2) lib/action_dispatch/middleware/show_exceptions.rb:30:in `call'
  railties (4.0.2) lib/rails/rack/logger.rb:38:in `call_app'
  railties (4.0.2) lib/rails/rack/logger.rb:20:in `block in call'
  activesupport (4.0.2) lib/active_support/tagged_logging.rb:67:in `block in tagged'
  activesupport (4.0.2) lib/active_support/tagged_logging.rb:25:in `tagged'
  activesupport (4.0.2) lib/active_support/tagged_logging.rb:67:in `tagged'
  railties (4.0.2) lib/rails/rack/logger.rb:20:in `call'
  actionpack (4.0.2) lib/action_dispatch/middleware/request_id.rb:21:in `call'
  rack (1.5.2) lib/rack/methodoverride.rb:21:in `call'
  rack (1.5.2) lib/rack/runtime.rb:17:in `call'
  activesupport (4.0.2) lib/active_support/cache/strategy/local_cache.rb:83:in `call'
  rack (1.5.2) lib/rack/lock.rb:17:in `call'
  actionpack (4.0.2) lib/action_dispatch/middleware/static.rb:64:in `call'
  rack (1.5.2) lib/rack/sendfile.rb:112:in `call'
  railties (4.0.2) lib/rails/engine.rb:511:in `call'
  railties (4.0.2) lib/rails/application.rb:97:in `call'
  rack (1.5.2) lib/rack/lock.rb:17:in `call'
  rack (1.5.2) lib/rack/content_length.rb:14:in `call'
  rack (1.5.2) lib/rack/handler/webrick.rb:60:in `service'
  C:/RailsInstaller/Ruby1.9.3/lib/ruby/1.9.1/webrick/httpserver.rb:138:in `service'
  C:/RailsInstaller/Ruby1.9.3/lib/ruby/1.9.1/webrick/httpserver.rb:94:in `run'
  C:/RailsInstaller/Ruby1.9.3/lib/ruby/1.9.1/webrick/server.rb:191:in `block in start_thread'


  Rendered C:/RailsInstaller/Ruby1.9.3/lib/ruby/gems/1.9.1/gems/actionpack-4.0.2/lib/action_dispatch/middleware/templates/rescues/_trace.erb (1.0ms)
  Rendered C:/RailsInstaller/Ruby1.9.3/lib/ruby/gems/1.9.1/gems/actionpack-4.0.2/lib/action_dispatch/middleware/templates/routes/_route.html.erb (2.0ms)
  Rendered C:/RailsInstaller/Ruby1.9.3/lib/ruby/gems/1.9.1/gems/actionpack-4.0.2/lib/action_dispatch/middleware/templates/routes/_table.html.erb (29.0ms)
  Rendered C:/RailsInstaller/Ruby1.9.3/lib/ruby/gems/1.9.1/gems/actionpack-4.0.2/lib/action_dispatch/middleware/templates/rescues/routing_error.erb within rescues/layout (127.0ms)


Started GET "/articles/new" for 127.0.0.1 at 2014-04-22 06:47:07 -0500

ActionController::RoutingError (No route matches [GET] "/articles/new"):
  actionpack (4.0.2) lib/action_dispatch/middleware/debug_exceptions.rb:21:in `call'
  actionpack (4.0.2) lib/action_dispatch/middleware/show_exceptions.rb:30:in `call'
  railties (4.0.2) lib/rails/rack/logger.rb:38:in `call_app'
  railties (4.0.2) lib/rails/rack/logger.rb:20:in `block in call'
  activesupport (4.0.2) lib/active_support/tagged_logging.rb:67:in `block in tagged'
  activesupport (4.0.2) lib/active_support/tagged_logging.rb:25:in `tagged'
  activesupport (4.0.2) lib/active_support/tagged_logging.rb:67:in `tagged'
  railties (4.0.2) lib/rails/rack/logger.rb:20:in `call'
  actionpack (4.0.2) lib/action_dispatch/middleware/request_id.rb:21:in `call'
  rack (1.5.2) lib/rack/methodoverride.rb:21:in `call'
  rack (1.5.2) lib/rack/runtime.rb:17:in `call'
  activesupport (4.0.2) lib/active_support/cache/strategy/local_cache.rb:83:in `call'
  rack (1.5.2) lib/rack/lock.rb:17:in `call'
  actionpack (4.0.2) lib/action_dispatch/middleware/static.rb:64:in `call'
  rack (1.5.2) lib/rack/sendfile.rb:112:in `call'
  railties (4.0.2) lib/rails/engine.rb:511:in `call'
  railties (4.0.2) lib/rails/application.rb:97:in `call'
  rack (1.5.2) lib/rack/lock.rb:17:in `call'
  rack (1.5.2) lib/rack/content_length.rb:14:in `call'
  rack (1.5.2) lib/rack/handler/webrick.rb:60:in `service'
  C:/RailsInstaller/Ruby1.9.3/lib/ruby/1.9.1/webrick/httpserver.rb:138:in `service'
  C:/RailsInstaller/Ruby1.9.3/lib/ruby/1.9.1/webrick/httpserver.rb:94:in `run'
  C:/RailsInstaller/Ruby1.9.3/lib/ruby/1.9.1/webrick/server.rb:191:in `block in start_thread'


  Rendered C:/RailsInstaller/Ruby1.9.3/lib/ruby/gems/1.9.1/gems/actionpack-4.0.2/lib/action_dispatch/middleware/templates/rescues/_trace.erb (1.0ms)
  Rendered C:/RailsInstaller/Ruby1.9.3/lib/ruby/gems/1.9.1/gems/actionpack-4.0.2/lib/action_dispatch/middleware/templates/routes/_route.html.erb (1.0ms)
  Rendered C:/RailsInstaller/Ruby1.9.3/lib/ruby/gems/1.9.1/gems/actionpack-4.0.2/lib/action_dispatch/middleware/templates/routes/_table.html.erb (2.0ms)
  Rendered C:/RailsInstaller/Ruby1.9.3/lib/ruby/gems/1.9.1/gems/actionpack-4.0.2/lib/action_dispatch/middleware/templates/rescues/routing_error.erb within rescues/layout (81.0ms)


Started GET "/articles/new" for 127.0.0.1 at 2014-04-22 06:52:45 -0500

ActionController::RoutingError (No route matches [GET] "/articles/new"):
  actionpack (4.0.2) lib/action_dispatch/middleware/debug_exceptions.rb:21:in `call'
  actionpack (4.0.2) lib/action_dispatch/middleware/show_exceptions.rb:30:in `call'
  railties (4.0.2) lib/rails/rack/logger.rb:38:in `call_app'
  railties (4.0.2) lib/rails/rack/logger.rb:20:in `block in call'
  activesupport (4.0.2) lib/active_support/tagged_logging.rb:67:in `block in tagged'
  activesupport (4.0.2) lib/active_support/tagged_logging.rb:25:in `tagged'
  activesupport (4.0.2) lib/active_support/tagged_logging.rb:67:in `tagged'
  railties (4.0.2) lib/rails/rack/logger.rb:20:in `call'
  actionpack (4.0.2) lib/action_dispatch/middleware/request_id.rb:21:in `call'
  rack (1.5.2) lib/rack/methodoverride.rb:21:in `call'
  rack (1.5.2) lib/rack/runtime.rb:17:in `call'
  activesupport (4.0.2) lib/active_support/cache/strategy/local_cache.rb:83:in `call'
  rack (1.5.2) lib/rack/lock.rb:17:in `call'
  actionpack (4.0.2) lib/action_dispatch/middleware/static.rb:64:in `call'
  rack (1.5.2) lib/rack/sendfile.rb:112:in `call'
  railties (4.0.2) lib/rails/engine.rb:511:in `call'
  railties (4.0.2) lib/rails/application.rb:97:in `call'
  rack (1.5.2) lib/rack/lock.rb:17:in `call'
  rack (1.5.2) lib/rack/content_length.rb:14:in `call'
  rack (1.5.2) lib/rack/handler/webrick.rb:60:in `service'
  C:/RailsInstaller/Ruby1.9.3/lib/ruby/1.9.1/webrick/httpserver.rb:138:in `service'
  C:/RailsInstaller/Ruby1.9.3/lib/ruby/1.9.1/webrick/httpserver.rb:94:in `run'
  C:/RailsInstaller/Ruby1.9.3/lib/ruby/1.9.1/webrick/server.rb:191:in `block in start_thread'


  Rendered C:/RailsInstaller/Ruby1.9.3/lib/ruby/gems/1.9.1/gems/actionpack-4.0.2/lib/action_dispatch/middleware/templates/rescues/_trace.erb (28.0ms)
  Rendered C:/RailsInstaller/Ruby1.9.3/lib/ruby/gems/1.9.1/gems/actionpack-4.0.2/lib/action_dispatch/middleware/templates/routes/_route.html.erb (1.0ms)
  Rendered C:/RailsInstaller/Ruby1.9.3/lib/ruby/gems/1.9.1/gems/actionpack-4.0.2/lib/action_dispatch/middleware/templates/routes/_table.html.erb (2.0ms)
  Rendered C:/RailsInstaller/Ruby1.9.3/lib/ruby/gems/1.9.1/gems/actionpack-4.0.2/lib/action_dispatch/middleware/templates/rescues/routing_error.erb within rescues/layout (111.0ms)


Started GET "/articles/new" for 127.0.0.1 at 2014-04-22 06:54:02 -0500

ActionController::RoutingError (No route matches [GET] "/articles/new"):
  actionpack (4.0.2) lib/action_dispatch/middleware/debug_exceptions.rb:21:in `call'
  actionpack (4.0.2) lib/action_dispatch/middleware/show_exceptions.rb:30:in `call'
  railties (4.0.2) lib/rails/rack/logger.rb:38:in `call_app'
  railties (4.0.2) lib/rails/rack/logger.rb:20:in `block in call'
  activesupport (4.0.2) lib/active_support/tagged_logging.rb:67:in `block in tagged'
  activesupport (4.0.2) lib/active_support/tagged_logging.rb:25:in `tagged'
  activesupport (4.0.2) lib/active_support/tagged_logging.rb:67:in `tagged'
  railties (4.0.2) lib/rails/rack/logger.rb:20:in `call'
  actionpack (4.0.2) lib/action_dispatch/middleware/request_id.rb:21:in `call'
  rack (1.5.2) lib/rack/methodoverride.rb:21:in `call'
  rack (1.5.2) lib/rack/runtime.rb:17:in `call'
  activesupport (4.0.2) lib/active_support/cache/strategy/local_cache.rb:83:in `call'
  rack (1.5.2) lib/rack/lock.rb:17:in `call'
  actionpack (4.0.2) lib/action_dispatch/middleware/static.rb:64:in `call'
  rack (1.5.2) lib/rack/sendfile.rb:112:in `call'
  railties (4.0.2) lib/rails/engine.rb:511:in `call'
  railties (4.0.2) lib/rails/application.rb:97:in `call'
  rack (1.5.2) lib/rack/lock.rb:17:in `call'
  rack (1.5.2) lib/rack/content_length.rb:14:in `call'
  rack (1.5.2) lib/rack/handler/webrick.rb:60:in `service'
  C:/RailsInstaller/Ruby1.9.3/lib/ruby/1.9.1/webrick/httpserver.rb:138:in `service'
  C:/RailsInstaller/Ruby1.9.3/lib/ruby/1.9.1/webrick/httpserver.rb:94:in `run'
  C:/RailsInstaller/Ruby1.9.3/lib/ruby/1.9.1/webrick/server.rb:191:in `block in start_thread'


  Rendered C:/RailsInstaller/Ruby1.9.3/lib/ruby/gems/1.9.1/gems/actionpack-4.0.2/lib/action_dispatch/middleware/templates/rescues/_trace.erb (5.0ms)
  Rendered C:/RailsInstaller/Ruby1.9.3/lib/ruby/gems/1.9.1/gems/actionpack-4.0.2/lib/action_dispatch/middleware/templates/routes/_route.html.erb (7.0ms)
  Rendered C:/RailsInstaller/Ruby1.9.3/lib/ruby/gems/1.9.1/gems/actionpack-4.0.2/lib/action_dispatch/middleware/templates/routes/_table.html.erb (33.0ms)
  Rendered C:/RailsInstaller/Ruby1.9.3/lib/ruby/gems/1.9.1/gems/actionpack-4.0.2/lib/action_dispatch/middleware/templates/rescues/routing_error.erb within rescues/layout (142.0ms)


Started GET "/articles/new" for 127.0.0.1 at 2014-04-22 06:55:32 -0500
Processing by ArticlesController#new as HTML
  Rendered articles/new.html.erb within layouts/application (1.0ms)
Completed 200 OK in 782ms (Views: 731.0ms | ActiveRecord: 0.0ms)


Started GET "/assets/application.css?body=1" for 127.0.0.1 at 2014-04-22 06:55:33 -0500


Started GET "/assets/welcome.css?body=1" for 127.0.0.1 at 2014-04-22 06:55:33 -0500


Started GET "/assets/articles.css?body=1" for 127.0.0.1 at 2014-04-22 06:55:33 -0500


Started GET "/assets/jquery.js?body=1" for 127.0.0.1 at 2014-04-22 06:55:33 -0500


Started GET "/assets/articles.js?body=1" for 127.0.0.1 at 2014-04-22 06:55:33 -0500


Started GET "/assets/welcome.js?body=1" for 127.0.0.1 at 2014-04-22 06:55:33 -0500


Started GET "/assets/application.js?body=1" for 127.0.0.1 at 2014-04-22 06:55:33 -0500


Started GET "/assets/turbolinks.js?body=1" for 127.0.0.1 at 2014-04-22 06:55:33 -0500


Started GET "/assets/jquery_ujs.js?body=1" for 127.0.0.1 at 2014-04-22 06:55:33 -0500


Started GET "/articles/new" for 127.0.0.1 at 2014-04-22 07:10:17 -0500
Processing by ArticlesController#new as HTML
  Rendered articles/new.html.erb within layouts/application (161.0ms)
Completed 200 OK in 179ms (Views: 177.0ms | ActiveRecord: 0.0ms)


Started GET "/assets/welcome.css?body=1" for 127.0.0.1 at 2014-04-22 07:10:17 -0500


Started GET "/assets/articles.css?body=1" for 127.0.0.1 at 2014-04-22 07:10:17 -0500


Started GET "/assets/articles.js?body=1" for 127.0.0.1 at 2014-04-22 07:10:17 -0500


Started GET "/assets/application.css?body=1" for 127.0.0.1 at 2014-04-22 07:10:17 -0500


Started GET "/assets/jquery_ujs.js?body=1" for 127.0.0.1 at 2014-04-22 07:10:17 -0500


Started GET "/assets/jquery.js?body=1" for 127.0.0.1 at 2014-04-22 07:10:17 -0500


Started GET "/assets/turbolinks.js?body=1" for 127.0.0.1 at 2014-04-22 07:10:17 -0500


Started GET "/assets/application.js?body=1" for 127.0.0.1 at 2014-04-22 07:10:18 -0500


Started GET "/assets/welcome.js?body=1" for 127.0.0.1 at 2014-04-22 07:10:18 -0500


Started GET "/articles/new" for 127.0.0.1 at 2014-04-30 05:53:05 -0500
Processing by ArticlesController#new as HTML
  Rendered articles/new.html.erb within layouts/application (223.0ms)
Completed 200 OK in 966ms (Views: 879.0ms | ActiveRecord: 0.0ms)


Started GET "/assets/application.css?body=1" for 127.0.0.1 at 2014-04-30 05:53:09 -0500


Started GET "/assets/welcome.css?body=1" for 127.0.0.1 at 2014-04-30 05:53:09 -0500


Started GET "/assets/articles.css?body=1" for 127.0.0.1 at 2014-04-30 05:53:09 -0500


Started GET "/assets/jquery_ujs.js?body=1" for 127.0.0.1 at 2014-04-30 05:53:09 -0500


Started GET "/assets/turbolinks.js?body=1" for 127.0.0.1 at 2014-04-30 05:53:09 -0500


Started GET "/assets/jquery.js?body=1" for 127.0.0.1 at 2014-04-30 05:53:09 -0500


Started GET "/assets/articles.js?body=1" for 127.0.0.1 at 2014-04-30 05:53:09 -0500


Started GET "/assets/welcome.js?body=1" for 127.0.0.1 at 2014-04-30 05:53:09 -0500


Started GET "/assets/application.js?body=1" for 127.0.0.1 at 2014-04-30 05:53:09 -0500


Started GET "/" for 127.0.0.1 at 2014-04-30 05:53:15 -0500
Processing by WelcomeController#index as HTML
  Rendered welcome/index.html.erb within layouts/application (0.0ms)
Completed 200 OK in 27ms (Views: 25.0ms | ActiveRecord: 0.0ms)


Started GET "/articles/new" for 127.0.0.1 at 2014-04-30 05:58:03 -0500
Processing by ArticlesController#new as HTML
  Rendered articles/new.html.erb within layouts/application (2.0ms)
Completed 200 OK in 39ms (Views: 38.0ms | ActiveRecord: 0.0ms)


Started GET "/assets/application.css?body=1" for 127.0.0.1 at 2014-04-30 05:58:03 -0500


Started GET "/assets/articles.css?body=1" for 127.0.0.1 at 2014-04-30 05:58:03 -0500


Started GET "/assets/welcome.css?body=1" for 127.0.0.1 at 2014-04-30 05:58:03 -0500


Started GET "/assets/jquery.js?body=1" for 127.0.0.1 at 2014-04-30 05:58:03 -0500


Started GET "/assets/jquery_ujs.js?body=1" for 127.0.0.1 at 2014-04-30 05:58:03 -0500


Started GET "/assets/turbolinks.js?body=1" for 127.0.0.1 at 2014-04-30 05:58:03 -0500


Started GET "/assets/articles.js?body=1" for 127.0.0.1 at 2014-04-30 05:58:03 -0500


Started GET "/assets/welcome.js?body=1" for 127.0.0.1 at 2014-04-30 05:58:03 -0500


Started GET "/assets/application.js?body=1" for 127.0.0.1 at 2014-04-30 05:58:03 -0500


Started GET "/articles/new" for 127.0.0.1 at 2014-04-30 06:06:15 -0500
Processing by ArticlesController#new as HTML
  Rendered articles/new.html.erb within layouts/application (3.0ms)
Completed 200 OK in 22ms (Views: 21.0ms | ActiveRecord: 0.0ms)


Started GET "/assets/welcome.css?body=1" for 127.0.0.1 at 2014-04-30 06:06:15 -0500


Started GET "/assets/turbolinks.js?body=1" for 127.0.0.1 at 2014-04-30 06:06:15 -0500


Started GET "/assets/articles.js?body=1" for 127.0.0.1 at 2014-04-30 06:06:15 -0500


Started GET "/assets/welcome.js?body=1" for 127.0.0.1 at 2014-04-30 06:06:15 -0500


Started GET "/assets/jquery.js?body=1" for 127.0.0.1 at 2014-04-30 06:06:15 -0500


Started GET "/assets/application.css?body=1" for 127.0.0.1 at 2014-04-30 06:06:15 -0500


Started GET "/assets/jquery_ujs.js?body=1" for 127.0.0.1 at 2014-04-30 06:06:15 -0500


Started GET "/assets/articles.css?body=1" for 127.0.0.1 at 2014-04-30 06:06:15 -0500


Started GET "/assets/application.js?body=1" for 127.0.0.1 at 2014-04-30 06:06:16 -0500


Started POST "/articles" for 127.0.0.1 at 2014-04-30 06:06:24 -0500

AbstractController::ActionNotFound (The action 'create' could not be found for ArticlesController):
  actionpack (4.0.2) lib/abstract_controller/base.rb:131:in `process'
  actionpack (4.0.2) lib/abstract_controller/rendering.rb:44:in `process'
  actionpack (4.0.2) lib/action_controller/metal.rb:195:in `dispatch'
  actionpack (4.0.2) lib/action_controller/metal/rack_delegation.rb:13:in `dispatch'
  actionpack (4.0.2) lib/action_controller/metal.rb:231:in `block in action'
  actionpack (4.0.2) lib/action_dispatch/routing/route_set.rb:80:in `call'
  actionpack (4.0.2) lib/action_dispatch/routing/route_set.rb:80:in `dispatch'
  actionpack (4.0.2) lib/action_dispatch/routing/route_set.rb:48:in `call'
  actionpack (4.0.2) lib/action_dispatch/journey/router.rb:71:in `block in call'
  actionpack (4.0.2) lib/action_dispatch/journey/router.rb:59:in `each'
  actionpack (4.0.2) lib/action_dispatch/journey/router.rb:59:in `call'
  actionpack (4.0.2) lib/action_dispatch/routing/route_set.rb:680:in `call'
  rack (1.5.2) lib/rack/etag.rb:23:in `call'
  rack (1.5.2) lib/rack/conditionalget.rb:35:in `call'
  rack (1.5.2) lib/rack/head.rb:11:in `call'
  actionpack (4.0.2) lib/action_dispatch/middleware/params_parser.rb:27:in `call'
  actionpack (4.0.2) lib/action_dispatch/middleware/flash.rb:241:in `call'
  rack (1.5.2) lib/rack/session/abstract/id.rb:225:in `context'
  rack (1.5.2) lib/rack/session/abstract/id.rb:220:in `call'
  actionpack (4.0.2) lib/action_dispatch/middleware/cookies.rb:486:in `call'
  activerecord (4.0.2) lib/active_record/query_cache.rb:36:in `call'
  activerecord (4.0.2) lib/active_record/connection_adapters/abstract/connection_pool.rb:626:in `call'
  activerecord (4.0.2) lib/active_record/migration.rb:369:in `call'
  actionpack (4.0.2) lib/action_dispatch/middleware/callbacks.rb:29:in `block in call'
  activesupport (4.0.2) lib/active_support/callbacks.rb:373:in `_run__454704809__call__callbacks'
  activesupport (4.0.2) lib/active_support/callbacks.rb:80:in `run_callbacks'
  actionpack (4.0.2) lib/action_dispatch/middleware/callbacks.rb:27:in `call'
  actionpack (4.0.2) lib/action_dispatch/middleware/reloader.rb:64:in `call'
  actionpack (4.0.2) lib/action_dispatch/middleware/remote_ip.rb:76:in `call'
  actionpack (4.0.2) lib/action_dispatch/middleware/debug_exceptions.rb:17:in `call'
  actionpack (4.0.2) lib/action_dispatch/middleware/show_exceptions.rb:30:in `call'
  railties (4.0.2) lib/rails/rack/logger.rb:38:in `call_app'
  railties (4.0.2) lib/rails/rack/logger.rb:20:in `block in call'
  activesupport (4.0.2) lib/active_support/tagged_logging.rb:67:in `block in tagged'
  activesupport (4.0.2) lib/active_support/tagged_logging.rb:25:in `tagged'
  activesupport (4.0.2) lib/active_support/tagged_logging.rb:67:in `tagged'
  railties (4.0.2) lib/rails/rack/logger.rb:20:in `call'
  actionpack (4.0.2) lib/action_dispatch/middleware/request_id.rb:21:in `call'
  rack (1.5.2) lib/rack/methodoverride.rb:21:in `call'
  rack (1.5.2) lib/rack/runtime.rb:17:in `call'
  activesupport (4.0.2) lib/active_support/cache/strategy/local_cache.rb:83:in `call'
  rack (1.5.2) lib/rack/lock.rb:17:in `call'
  actionpack (4.0.2) lib/action_dispatch/middleware/static.rb:64:in `call'
  rack (1.5.2) lib/rack/sendfile.rb:112:in `call'
  railties (4.0.2) lib/rails/engine.rb:511:in `call'
  railties (4.0.2) lib/rails/application.rb:97:in `call'
  rack (1.5.2) lib/rack/lock.rb:17:in `call'
  rack (1.5.2) lib/rack/content_length.rb:14:in `call'
  rack (1.5.2) lib/rack/handler/webrick.rb:60:in `service'
  C:/RailsInstaller/Ruby1.9.3/lib/ruby/1.9.1/webrick/httpserver.rb:138:in `service'
  C:/RailsInstaller/Ruby1.9.3/lib/ruby/1.9.1/webrick/httpserver.rb:94:in `run'
  C:/RailsInstaller/Ruby1.9.3/lib/ruby/1.9.1/webrick/server.rb:191:in `block in start_thread'


  Rendered C:/RailsInstaller/Ruby1.9.3/lib/ruby/gems/1.9.1/gems/actionpack-4.0.2/lib/action_dispatch/middleware/templates/rescues/unknown_action.erb within rescues/layout (1.0ms)


Started GET "/articles/new" for 127.0.0.1 at 2014-04-30 06:07:01 -0500
Processing by ArticlesController#new as HTML
  Rendered articles/new.html.erb within layouts/application (2.0ms)
Completed 200 OK in 42ms (Views: 41.0ms | ActiveRecord: 0.0ms)


Started GET "/assets/welcome.css?body=1" for 127.0.0.1 at 2014-04-30 06:07:01 -0500


Started GET "/assets/articles.css?body=1" for 127.0.0.1 at 2014-04-30 06:07:01 -0500


Started GET "/assets/welcome.js?body=1" for 127.0.0.1 at 2014-04-30 06:07:01 -0500


Started GET "/assets/application.js?body=1" for 127.0.0.1 at 2014-04-30 06:07:01 -0500


Started GET "/assets/turbolinks.js?body=1" for 127.0.0.1 at 2014-04-30 06:07:01 -0500


Started GET "/assets/articles.js?body=1" for 127.0.0.1 at 2014-04-30 06:07:01 -0500


Started GET "/assets/application.css?body=1" for 127.0.0.1 at 2014-04-30 06:07:01 -0500


Started GET "/assets/jquery.js?body=1" for 127.0.0.1 at 2014-04-30 06:07:01 -0500


Started GET "/assets/jquery_ujs.js?body=1" for 127.0.0.1 at 2014-04-30 06:07:01 -0500


Started POST "/articles" for 127.0.0.1 at 2014-04-30 06:07:05 -0500
Processing by ArticlesController#create as HTML
  Parameters: {"utf8"=>"✓", "authenticity_token"=>"ZXKurv8PsGxw0PZ9lB88l99rkSVoChDxK8Lv5ArDZCU=", "article"=>{"title"=>"first title", "text"=>"asdf"}, "commit"=>"Save Article"}
Completed 500 Internal Server Error in 5ms

ActionView::MissingTemplate (Missing template articles/create, application/create with {:locale=>[:en], :formats=>[:html], :handlers=>[:erb, :builder, :raw, :ruby, :jbuilder, :coffee]}. Searched in:
  * "C:/dev/rails_projects/blog/app/views"
):
  actionpack (4.0.2) lib/action_view/path_set.rb:46:in `find'
  actionpack (4.0.2) lib/action_view/lookup_context.rb:122:in `find'
  C:in `find_template'
  actionpack (4.0.2) lib/action_view/renderer/template_renderer.rb:35:in `determine_template'
  actionpack (4.0.2) lib/action_view/renderer/template_renderer.rb:8:in `render'
  actionpack (4.0.2) lib/action_view/renderer/renderer.rb:42:in `render_template'
  actionpack (4.0.2) lib/action_view/renderer/renderer.rb:23:in `render'
  actionpack (4.0.2) lib/abstract_controller/rendering.rb:127:in `_render_template'
  actionpack (4.0.2) lib/action_controller/metal/streaming.rb:219:in `_render_template'
  actionpack (4.0.2) lib/abstract_controller/rendering.rb:120:in `render_to_body'
  actionpack (4.0.2) lib/action_controller/metal/rendering.rb:33:in `render_to_body'
  actionpack (4.0.2) lib/action_controller/metal/renderers.rb:26:in `render_to_body'
  actionpack (4.0.2) lib/abstract_controller/rendering.rb:97:in `render'
  actionpack (4.0.2) lib/action_controller/metal/rendering.rb:16:in `render'
  actionpack (4.0.2) lib/action_controller/metal/instrumentation.rb:41:in `block (2 levels) in render'
  activesupport (4.0.2) lib/active_support/core_ext/benchmark.rb:12:in `block in ms'
  C:/RailsInstaller/Ruby1.9.3/lib/ruby/1.9.1/benchmark.rb:295:in `realtime'
  activesupport (4.0.2) lib/active_support/core_ext/benchmark.rb:12:in `ms'
  actionpack (4.0.2) lib/action_controller/metal/instrumentation.rb:41:in `block in render'
  actionpack (4.0.2) lib/action_controller/metal/instrumentation.rb:84:in `cleanup_view_runtime'
  activerecord (4.0.2) lib/active_record/railties/controller_runtime.rb:25:in `cleanup_view_runtime'
  actionpack (4.0.2) lib/action_controller/metal/instrumentation.rb:40:in `render'
  actionpack (4.0.2) lib/action_controller/metal/implicit_render.rb:10:in `default_render'
  actionpack (4.0.2) lib/action_controller/metal/implicit_render.rb:5:in `send_action'
  actionpack (4.0.2) lib/abstract_controller/base.rb:189:in `process_action'
  actionpack (4.0.2) lib/action_controller/metal/rendering.rb:10:in `process_action'
  actionpack (4.0.2) lib/abstract_controller/callbacks.rb:18:in `block in process_action'
  activesupport (4.0.2) lib/active_support/callbacks.rb:403:in `_run__814460986__process_action__callbacks'
  activesupport (4.0.2) lib/active_support/callbacks.rb:80:in `run_callbacks'
  actionpack (4.0.2) lib/abstract_controller/callbacks.rb:17:in `process_action'
  actionpack (4.0.2) lib/action_controller/metal/rescue.rb:29:in `process_action'
  actionpack (4.0.2) lib/action_controller/metal/instrumentation.rb:31:in `block in process_action'
  activesupport (4.0.2) lib/active_support/notifications.rb:159:in `block in instrument'
  activesupport (4.0.2) lib/active_support/notifications/instrumenter.rb:20:in `instrument'
  activesupport (4.0.2) lib/active_support/notifications.rb:159:in `instrument'
  actionpack (4.0.2) lib/action_controller/metal/instrumentation.rb:30:in `process_action'
  actionpack (4.0.2) lib/action_controller/metal/params_wrapper.rb:245:in `process_action'
  activerecord (4.0.2) lib/active_record/railties/controller_runtime.rb:18:in `process_action'
  actionpack (4.0.2) lib/abstract_controller/base.rb:136:in `process'
  actionpack (4.0.2) lib/abstract_controller/rendering.rb:44:in `process'
  actionpack (4.0.2) lib/action_controller/metal.rb:195:in `dispatch'
  actionpack (4.0.2) lib/action_controller/metal/rack_delegation.rb:13:in `dispatch'
  actionpack (4.0.2) lib/action_controller/metal.rb:231:in `block in action'
  actionpack (4.0.2) lib/action_dispatch/routing/route_set.rb:80:in `call'
  actionpack (4.0.2) lib/action_dispatch/routing/route_set.rb:80:in `dispatch'
  actionpack (4.0.2) lib/action_dispatch/routing/route_set.rb:48:in `call'
  actionpack (4.0.2) lib/action_dispatch/journey/router.rb:71:in `block in call'
  actionpack (4.0.2) lib/action_dispatch/journey/router.rb:59:in `each'
  actionpack (4.0.2) lib/action_dispatch/journey/router.rb:59:in `call'
  actionpack (4.0.2) lib/action_dispatch/routing/route_set.rb:680:in `call'
  rack (1.5.2) lib/rack/etag.rb:23:in `call'
  rack (1.5.2) lib/rack/conditionalget.rb:35:in `call'
  rack (1.5.2) lib/rack/head.rb:11:in `call'
  actionpack (4.0.2) lib/action_dispatch/middleware/params_parser.rb:27:in `call'
  actionpack (4.0.2) lib/action_dispatch/middleware/flash.rb:241:in `call'
  rack (1.5.2) lib/rack/session/abstract/id.rb:225:in `context'
  rack (1.5.2) lib/rack/session/abstract/id.rb:220:in `call'
  actionpack (4.0.2) lib/action_dispatch/middleware/cookies.rb:486:in `call'
  activerecord (4.0.2) lib/active_record/query_cache.rb:36:in `call'
  activerecord (4.0.2) lib/active_record/connection_adapters/abstract/connection_pool.rb:626:in `call'
  activerecord (4.0.2) lib/active_record/migration.rb:369:in `call'
  actionpack (4.0.2) lib/action_dispatch/middleware/callbacks.rb:29:in `block in call'
  activesupport (4.0.2) lib/active_support/callbacks.rb:373:in `_run__454704809__call__callbacks'
  activesupport (4.0.2) lib/active_support/callbacks.rb:80:in `run_callbacks'
  actionpack (4.0.2) lib/action_dispatch/middleware/callbacks.rb:27:in `call'
  actionpack (4.0.2) lib/action_dispatch/middleware/reloader.rb:64:in `call'
  actionpack (4.0.2) lib/action_dispatch/middleware/remote_ip.rb:76:in `call'
  actionpack (4.0.2) lib/action_dispatch/middleware/debug_exceptions.rb:17:in `call'
  actionpack (4.0.2) lib/action_dispatch/middleware/show_exceptions.rb:30:in `call'
  railties (4.0.2) lib/rails/rack/logger.rb:38:in `call_app'
  railties (4.0.2) lib/rails/rack/logger.rb:20:in `block in call'
  activesupport (4.0.2) lib/active_support/tagged_logging.rb:67:in `block in tagged'
  activesupport (4.0.2) lib/active_support/tagged_logging.rb:25:in `tagged'
  activesupport (4.0.2) lib/active_support/tagged_logging.rb:67:in `tagged'
  railties (4.0.2) lib/rails/rack/logger.rb:20:in `call'
  actionpack (4.0.2) lib/action_dispatch/middleware/request_id.rb:21:in `call'
  rack (1.5.2) lib/rack/methodoverride.rb:21:in `call'
  rack (1.5.2) lib/rack/runtime.rb:17:in `call'
  activesupport (4.0.2) lib/active_support/cache/strategy/local_cache.rb:83:in `call'
  rack (1.5.2) lib/rack/lock.rb:17:in `call'
  actionpack (4.0.2) lib/action_dispatch/middleware/static.rb:64:in `call'
  rack (1.5.2) lib/rack/sendfile.rb:112:in `call'
  railties (4.0.2) lib/rails/engine.rb:511:in `call'
  railties (4.0.2) lib/rails/application.rb:97:in `call'
  rack (1.5.2) lib/rack/lock.rb:17:in `call'
  rack (1.5.2) lib/rack/content_length.rb:14:in `call'
  rack (1.5.2) lib/rack/handler/webrick.rb:60:in `service'
  C:/RailsInstaller/Ruby1.9.3/lib/ruby/1.9.1/webrick/httpserver.rb:138:in `service'
  C:/RailsInstaller/Ruby1.9.3/lib/ruby/1.9.1/webrick/httpserver.rb:94:in `run'
  C:/RailsInstaller/Ruby1.9.3/lib/ruby/1.9.1/webrick/server.rb:191:in `block in start_thread'


  Rendered C:/RailsInstaller/Ruby1.9.3/lib/ruby/gems/1.9.1/gems/actionpack-4.0.2/lib/action_dispatch/middleware/templates/rescues/missing_template.erb within rescues/layout (6.0ms)


Started POST "/articles" for 127.0.0.1 at 2014-04-30 06:08:36 -0500
Processing by ArticlesController#create as HTML
  Parameters: {"utf8"=>"✓", "authenticity_token"=>"ZXKurv8PsGxw0PZ9lB88l99rkSVoChDxK8Lv5ArDZCU=", "article"=>{"title"=>"first title", "text"=>"asdf"}, "commit"=>"Save Article"}
Completed 500 Internal Server Error in 5ms

ActionView::MissingTemplate (Missing template articles/create, application/create with {:locale=>[:en], :formats=>[:html], :handlers=>[:erb, :builder, :raw, :ruby, :jbuilder, :coffee]}. Searched in:
  * "C:/dev/rails_projects/blog/app/views"
):
  app/controllers/articles_controller.rb:7:in `create'


  Rendered C:/RailsInstaller/Ruby1.9.3/lib/ruby/gems/1.9.1/gems/actionpack-4.0.2/lib/action_dispatch/middleware/templates/rescues/missing_template.erb within rescues/layout (0.0ms)


Started GET "/articles/new" for 127.0.0.1 at 2014-04-30 06:09:31 -0500
Processing by ArticlesController#new as HTML
  Rendered articles/new.html.erb within layouts/application (1.0ms)
Completed 200 OK in 26ms (Views: 26.0ms | ActiveRecord: 0.0ms)


Started GET "/assets/application.css?body=1" for 127.0.0.1 at 2014-04-30 06:09:32 -0500


Started GET "/assets/articles.css?body=1" for 127.0.0.1 at 2014-04-30 06:09:32 -0500


Started GET "/assets/turbolinks.js?body=1" for 127.0.0.1 at 2014-04-30 06:09:32 -0500


Started GET "/assets/articles.js?body=1" for 127.0.0.1 at 2014-04-30 06:09:32 -0500


Started GET "/assets/welcome.js?body=1" for 127.0.0.1 at 2014-04-30 06:09:32 -0500


Started GET "/assets/jquery_ujs.js?body=1" for 127.0.0.1 at 2014-04-30 06:09:32 -0500


Started GET "/assets/welcome.css?body=1" for 127.0.0.1 at 2014-04-30 06:09:32 -0500


Started GET "/assets/jquery.js?body=1" for 127.0.0.1 at 2014-04-30 06:09:32 -0500


Started GET "/assets/application.js?body=1" for 127.0.0.1 at 2014-04-30 06:09:32 -0500


Started POST "/articles" for 127.0.0.1 at 2014-04-30 06:09:36 -0500
Processing by ArticlesController#create as HTML
  Parameters: {"utf8"=>"✓", "authenticity_token"=>"ZXKurv8PsGxw0PZ9lB88l99rkSVoChDxK8Lv5ArDZCU=", "article"=>{"title"=>"first title", "text"=>"asdfqwef"}, "commit"=>"Save Article"}
Completed 500 Internal Server Error in 5ms

ActionView::MissingTemplate (Missing template articles/create, application/create with {:locale=>[:en], :formats=>[:html], :handlers=>[:erb, :builder, :raw, :ruby, :jbuilder, :coffee]}. Searched in:
  * "C:/dev/rails_projects/blog/app/views"
):
  app/controllers/articles_controller.rb:7:in `create'


  Rendered C:/RailsInstaller/Ruby1.9.3/lib/ruby/gems/1.9.1/gems/actionpack-4.0.2/lib/action_dispatch/middleware/templates/rescues/missing_template.erb within rescues/layout (1.0ms)


Started POST "/articles" for 127.0.0.1 at 2014-04-30 06:10:15 -0500
Processing by ArticlesController#create as HTML
  Parameters: {"utf8"=>"✓", "authenticity_token"=>"ZXKurv8PsGxw0PZ9lB88l99rkSVoChDxK8Lv5ArDZCU=", "article"=>{"title"=>"first title", "text"=>"asdfqwef"}, "commit"=>"Save Article"}
  Rendered articles/create.html.erb within layouts/application (1.0ms)
Completed 200 OK in 23ms (Views: 22.0ms | ActiveRecord: 0.0ms)


Started POST "/articles" for 127.0.0.1 at 2014-04-30 06:12:54 -0500
Processing by ArticlesController#create as HTML
  Parameters: {"utf8"=>"✓", "authenticity_token"=>"ZXKurv8PsGxw0PZ9lB88l99rkSVoChDxK8Lv5ArDZCU=", "article"=>{"title"=>"first title", "text"=>"asdfqwef"}, "commit"=>"Save Article"}
  Rendered articles/create.html.erb within layouts/application (0.0ms)
Completed 200 OK in 18ms (Views: 16.0ms | ActiveRecord: 0.0ms)
  [1m[36m (6.0ms)[0m  [1mCREATE TABLE "schema_migrations" ("version" varchar(255) NOT NULL) [0m
  [1m[35m (6.0ms)[0m  CREATE UNIQUE INDEX "unique_schema_migrations" ON "schema_migrations" ("version")
  [1m[36mActiveRecord::SchemaMigration Load (1.0ms)[0m  [1mSELECT "schema_migrations".* FROM "schema_migrations"[0m
Migrating to CreateArticles (20140430111346)
  [1m[35m (0.0ms)[0m  begin transaction
  [1m[36m (1.0ms)[0m  [1mCREATE TABLE "articles" ("id" INTEGER PRIMARY KEY AUTOINCREMENT NOT NULL, "title" varchar(255), "text" text, "created_at" datetime, "updated_at" datetime) [0m
  [1m[35mSQL (1.0ms)[0m  INSERT INTO "schema_migrations" ("version") VALUES (?)  [["version", "20140430111346"]]
  [1m[36m (4.0ms)[0m  [1mcommit transaction[0m
  [1m[35mActiveRecord::SchemaMigration Load (0.0ms)[0m  SELECT "schema_migrations".* FROM "schema_migrations"


Started POST "/articles" for 127.0.0.1 at 2014-04-30 06:47:16 -0500
  [1m[36mActiveRecord::SchemaMigration Load (1.0ms)[0m  [1mSELECT "schema_migrations".* FROM "schema_migrations"[0m
Processing by ArticlesController#create as HTML
  Parameters: {"utf8"=>"✓", "authenticity_token"=>"ZXKurv8PsGxw0PZ9lB88l99rkSVoChDxK8Lv5ArDZCU=", "article"=>{"title"=>"first title", "text"=>"asdfqwef"}, "commit"=>"Save Article"}
Completed 500 Internal Server Error in 11ms

ActiveModel::ForbiddenAttributesError (ActiveModel::ForbiddenAttributesError):
  app/controllers/articles_controller.rb:7:in `create'


  Rendered C:/RailsInstaller/Ruby1.9.3/lib/ruby/gems/1.9.1/gems/actionpack-4.0.2/lib/action_dispatch/middleware/templates/rescues/_source.erb (1.0ms)
  Rendered C:/RailsInstaller/Ruby1.9.3/lib/ruby/gems/1.9.1/gems/actionpack-4.0.2/lib/action_dispatch/middleware/templates/rescues/_trace.erb (2.0ms)
  Rendered C:/RailsInstaller/Ruby1.9.3/lib/ruby/gems/1.9.1/gems/actionpack-4.0.2/lib/action_dispatch/middleware/templates/rescues/_request_and_response.erb (1.0ms)
  Rendered C:/RailsInstaller/Ruby1.9.3/lib/ruby/gems/1.9.1/gems/actionpack-4.0.2/lib/action_dispatch/middleware/templates/rescues/diagnostics.erb within rescues/layout (152.0ms)


Started POST "/articles" for 127.0.0.1 at 2014-04-30 06:48:00 -0500
Processing by ArticlesController#create as HTML
  Parameters: {"utf8"=>"✓", "authenticity_token"=>"ZXKurv8PsGxw0PZ9lB88l99rkSVoChDxK8Lv5ArDZCU=", "article"=>{"title"=>"first title", "text"=>"asdfqwef"}, "commit"=>"Save Article"}
Completed 500 Internal Server Error in 12ms

ActiveModel::ForbiddenAttributesError (ActiveModel::ForbiddenAttributesError):
  app/controllers/articles_controller.rb:7:in `create'


  Rendered C:/RailsInstaller/Ruby1.9.3/lib/ruby/gems/1.9.1/gems/actionpack-4.0.2/lib/action_dispatch/middleware/templates/rescues/_source.erb (1.0ms)
  Rendered C:/RailsInstaller/Ruby1.9.3/lib/ruby/gems/1.9.1/gems/actionpack-4.0.2/lib/action_dispatch/middleware/templates/rescues/_trace.erb (2.0ms)
  Rendered C:/RailsInstaller/Ruby1.9.3/lib/ruby/gems/1.9.1/gems/actionpack-4.0.2/lib/action_dispatch/middleware/templates/rescues/_request_and_response.erb (2.0ms)
  Rendered C:/RailsInstaller/Ruby1.9.3/lib/ruby/gems/1.9.1/gems/actionpack-4.0.2/lib/action_dispatch/middleware/templates/rescues/diagnostics.erb within rescues/layout (90.0ms)


Started GET "/articles/new" for 127.0.0.1 at 2014-04-30 06:54:43 -0500
Processing by ArticlesController#new as HTML
  Rendered articles/new.html.erb within layouts/application (2.0ms)
Completed 200 OK in 24ms (Views: 23.0ms | ActiveRecord: 0.0ms)


Started GET "/assets/application.css?body=1" for 127.0.0.1 at 2014-04-30 06:54:43 -0500


Started GET "/assets/articles.css?body=1" for 127.0.0.1 at 2014-04-30 06:54:43 -0500


Started GET "/assets/welcome.css?body=1" for 127.0.0.1 at 2014-04-30 06:54:43 -0500


Started GET "/assets/jquery.js?body=1" for 127.0.0.1 at 2014-04-30 06:54:44 -0500


Started GET "/assets/jquery_ujs.js?body=1" for 127.0.0.1 at 2014-04-30 06:54:44 -0500


Started GET "/assets/turbolinks.js?body=1" for 127.0.0.1 at 2014-04-30 06:54:44 -0500


Started GET "/assets/articles.js?body=1" for 127.0.0.1 at 2014-04-30 06:54:44 -0500


Started GET "/assets/welcome.js?body=1" for 127.0.0.1 at 2014-04-30 06:54:44 -0500


Started GET "/assets/application.js?body=1" for 127.0.0.1 at 2014-04-30 06:54:44 -0500


Started POST "/articles" for 127.0.0.1 at 2014-04-30 06:54:49 -0500
Processing by ArticlesController#create as HTML
  Parameters: {"utf8"=>"✓", "authenticity_token"=>"ZXKurv8PsGxw0PZ9lB88l99rkSVoChDxK8Lv5ArDZCU=", "article"=>{"title"=>"first title", "text"=>"asdfasd"}, "commit"=>"Save Article"}
Completed 500 Internal Server Error in 9ms

ActiveModel::ForbiddenAttributesError (ActiveModel::ForbiddenAttributesError):
  app/controllers/articles_controller.rb:7:in `create'


  Rendered C:/RailsInstaller/Ruby1.9.3/lib/ruby/gems/1.9.1/gems/actionpack-4.0.2/lib/action_dispatch/middleware/templates/rescues/_source.erb (1.0ms)
  Rendered C:/RailsInstaller/Ruby1.9.3/lib/ruby/gems/1.9.1/gems/actionpack-4.0.2/lib/action_dispatch/middleware/templates/rescues/_trace.erb (2.0ms)
  Rendered C:/RailsInstaller/Ruby1.9.3/lib/ruby/gems/1.9.1/gems/actionpack-4.0.2/lib/action_dispatch/middleware/templates/rescues/_request_and_response.erb (1.0ms)
  Rendered C:/RailsInstaller/Ruby1.9.3/lib/ruby/gems/1.9.1/gems/actionpack-4.0.2/lib/action_dispatch/middleware/templates/rescues/diagnostics.erb within rescues/layout (84.0ms)


Started POST "/articles" for 127.0.0.1 at 2014-04-30 07:21:40 -0500
  [1m[35mActiveRecord::SchemaMigration Load (0.0ms)[0m  SELECT "schema_migrations".* FROM "schema_migrations"

ActiveRecord::PendingMigrationError (Migrations are pending; run 'bin/rake db:migrate RAILS_ENV=development' to resolve this issue.):
  activerecord (4.0.2) lib/active_record/migration.rb:379:in `check_pending!'
  activerecord (4.0.2) lib/active_record/migration.rb:366:in `call'
  actionpack (4.0.2) lib/action_dispatch/middleware/callbacks.rb:29:in `block in call'
  activesupport (4.0.2) lib/active_support/callbacks.rb:373:in `_run__454704809__call__callbacks'
  activesupport (4.0.2) lib/active_support/callbacks.rb:80:in `run_callbacks'
  actionpack (4.0.2) lib/action_dispatch/middleware/callbacks.rb:27:in `call'
  actionpack (4.0.2) lib/action_dispatch/middleware/reloader.rb:64:in `call'
  actionpack (4.0.2) lib/action_dispatch/middleware/remote_ip.rb:76:in `call'
  actionpack (4.0.2) lib/action_dispatch/middleware/debug_exceptions.rb:17:in `call'
  actionpack (4.0.2) lib/action_dispatch/middleware/show_exceptions.rb:30:in `call'
  railties (4.0.2) lib/rails/rack/logger.rb:38:in `call_app'
  railties (4.0.2) lib/rails/rack/logger.rb:20:in `block in call'
  activesupport (4.0.2) lib/active_support/tagged_logging.rb:67:in `block in tagged'
  activesupport (4.0.2) lib/active_support/tagged_logging.rb:25:in `tagged'
  activesupport (4.0.2) lib/active_support/tagged_logging.rb:67:in `tagged'
  railties (4.0.2) lib/rails/rack/logger.rb:20:in `call'
  actionpack (4.0.2) lib/action_dispatch/middleware/request_id.rb:21:in `call'
  rack (1.5.2) lib/rack/methodoverride.rb:21:in `call'
  rack (1.5.2) lib/rack/runtime.rb:17:in `call'
  activesupport (4.0.2) lib/active_support/cache/strategy/local_cache.rb:83:in `call'
  rack (1.5.2) lib/rack/lock.rb:17:in `call'
  actionpack (4.0.2) lib/action_dispatch/middleware/static.rb:64:in `call'
  rack (1.5.2) lib/rack/sendfile.rb:112:in `call'
  railties (4.0.2) lib/rails/engine.rb:511:in `call'
  railties (4.0.2) lib/rails/application.rb:97:in `call'
  rack (1.5.2) lib/rack/lock.rb:17:in `call'
  rack (1.5.2) lib/rack/content_length.rb:14:in `call'
  rack (1.5.2) lib/rack/handler/webrick.rb:60:in `service'
  C:/RailsInstaller/Ruby1.9.3/lib/ruby/1.9.1/webrick/httpserver.rb:138:in `service'
  C:/RailsInstaller/Ruby1.9.3/lib/ruby/1.9.1/webrick/httpserver.rb:94:in `run'
  C:/RailsInstaller/Ruby1.9.3/lib/ruby/1.9.1/webrick/server.rb:191:in `block in start_thread'


  Rendered C:/RailsInstaller/Ruby1.9.3/lib/ruby/gems/1.9.1/gems/actionpack-4.0.2/lib/action_dispatch/middleware/templates/rescues/_source.erb (1.0ms)
  Rendered C:/RailsInstaller/Ruby1.9.3/lib/ruby/gems/1.9.1/gems/actionpack-4.0.2/lib/action_dispatch/middleware/templates/rescues/_trace.erb (2.0ms)
  Rendered C:/RailsInstaller/Ruby1.9.3/lib/ruby/gems/1.9.1/gems/actionpack-4.0.2/lib/action_dispatch/middleware/templates/rescues/_request_and_response.erb (2.0ms)
  Rendered C:/RailsInstaller/Ruby1.9.3/lib/ruby/gems/1.9.1/gems/actionpack-4.0.2/lib/action_dispatch/middleware/templates/rescues/diagnostics.erb within rescues/layout (93.0ms)


Started POST "/articles" for 127.0.0.1 at 2014-04-30 07:24:23 -0500
Processing by ArticlesController#create as HTML
  Parameters: {"utf8"=>"✓", "authenticity_token"=>"ZXKurv8PsGxw0PZ9lB88l99rkSVoChDxK8Lv5ArDZCU=", "article"=>{"title"=>"first title", "text"=>"asdfasd"}, "commit"=>"Save Article"}
Completed 500 Internal Server Error in 11ms

ActiveModel::ForbiddenAttributesError (ActiveModel::ForbiddenAttributesError):
  app/controllers/articles_controller.rb:7:in `create'


  Rendered C:/RailsInstaller/Ruby1.9.3/lib/ruby/gems/1.9.1/gems/actionpack-4.0.2/lib/action_dispatch/middleware/templates/rescues/_source.erb (4.0ms)
  Rendered C:/RailsInstaller/Ruby1.9.3/lib/ruby/gems/1.9.1/gems/actionpack-4.0.2/lib/action_dispatch/middleware/templates/rescues/_trace.erb (1.0ms)
  Rendered C:/RailsInstaller/Ruby1.9.3/lib/ruby/gems/1.9.1/gems/actionpack-4.0.2/lib/action_dispatch/middleware/templates/rescues/_request_and_response.erb (1.0ms)
  Rendered C:/RailsInstaller/Ruby1.9.3/lib/ruby/gems/1.9.1/gems/actionpack-4.0.2/lib/action_dispatch/middleware/templates/rescues/diagnostics.erb within rescues/layout (87.0ms)


Started POST "/articles" for 127.0.0.1 at 2014-04-30 07:24:31 -0500
Processing by ArticlesController#create as HTML
  Parameters: {"utf8"=>"✓", "authenticity_token"=>"ZXKurv8PsGxw0PZ9lB88l99rkSVoChDxK8Lv5ArDZCU=", "article"=>{"title"=>"first title", "text"=>"asdfasd"}, "commit"=>"Save Article"}
Completed 500 Internal Server Error in 1ms

ActiveModel::ForbiddenAttributesError (ActiveModel::ForbiddenAttributesError):
  app/controllers/articles_controller.rb:7:in `create'


  Rendered C:/RailsInstaller/Ruby1.9.3/lib/ruby/gems/1.9.1/gems/actionpack-4.0.2/lib/action_dispatch/middleware/templates/rescues/_source.erb (1.0ms)
  Rendered C:/RailsInstaller/Ruby1.9.3/lib/ruby/gems/1.9.1/gems/actionpack-4.0.2/lib/action_dispatch/middleware/templates/rescues/_trace.erb (1.0ms)
  Rendered C:/RailsInstaller/Ruby1.9.3/lib/ruby/gems/1.9.1/gems/actionpack-4.0.2/lib/action_dispatch/middleware/templates/rescues/_request_and_response.erb (3.0ms)
  Rendered C:/RailsInstaller/Ruby1.9.3/lib/ruby/gems/1.9.1/gems/actionpack-4.0.2/lib/action_dispatch/middleware/templates/rescues/diagnostics.erb within rescues/layout (130.0ms)


Started POST "/articles" for 127.0.0.1 at 2014-04-30 07:25:29 -0500
Processing by ArticlesController#create as HTML
  Parameters: {"utf8"=>"✓", "authenticity_token"=>"ZXKurv8PsGxw0PZ9lB88l99rkSVoChDxK8Lv5ArDZCU=", "article"=>{"title"=>"first title", "text"=>"asdfasd"}, "commit"=>"Save Article"}
  [1m[36m (0.0ms)[0m  [1mbegin transaction[0m
  [1m[35mSQL (92.0ms)[0m  INSERT INTO "articles" ("created_at", "text", "title", "updated_at") VALUES (?, ?, ?, ?)  [["created_at", Wed, 30 Apr 2014 12:25:29 UTC +00:00], ["text", "asdfasd"], ["title", "first title"], ["updated_at", Wed, 30 Apr 2014 12:25:29 UTC +00:00]]
  [1m[36m (11.0ms)[0m  [1mcommit transaction[0m
Redirected to http://localhost:3000/articles/1
Completed 302 Found in 141ms (ActiveRecord: 105.0ms)


Started GET "/articles/1" for 127.0.0.1 at 2014-04-30 07:25:29 -0500
Processing by ArticlesController#show as HTML
  Parameters: {"id"=>"1"}
  [1m[35mArticle Load (1.0ms)[0m  SELECT "articles".* FROM "articles" WHERE "articles"."id" = ? LIMIT 1  [["id", "1"]]
  Rendered articles/show.html.erb within layouts/application (1.0ms)
Completed 200 OK in 37ms (Views: 29.0ms | ActiveRecord: 1.0ms)


Started GET "/assets/articles.css?body=1" for 127.0.0.1 at 2014-04-30 07:25:30 -0500


Started GET "/assets/welcome.css?body=1" for 127.0.0.1 at 2014-04-30 07:25:30 -0500


Started GET "/assets/application.css?body=1" for 127.0.0.1 at 2014-04-30 07:25:30 -0500


Started GET "/assets/jquery.js?body=1" for 127.0.0.1 at 2014-04-30 07:25:30 -0500


Started GET "/assets/jquery_ujs.js?body=1" for 127.0.0.1 at 2014-04-30 07:25:30 -0500


Started GET "/assets/turbolinks.js?body=1" for 127.0.0.1 at 2014-04-30 07:25:30 -0500


Started GET "/assets/articles.js?body=1" for 127.0.0.1 at 2014-04-30 07:25:30 -0500


Started GET "/assets/welcome.js?body=1" for 127.0.0.1 at 2014-04-30 07:25:30 -0500


Started GET "/assets/application.js?body=1" for 127.0.0.1 at 2014-04-30 07:25:30 -0500
  [1m[36mActiveRecord::SchemaMigration Load (0.0ms)[0m  [1mSELECT "schema_migrations".* FROM "schema_migrations"[0m
  [1m[35mActiveRecord::SchemaMigration Load (0.0ms)[0m  SELECT "schema_migrations".* FROM "schema_migrations"


Started GET "/" for 127.0.0.1 at 2014-05-07 06:24:25 -0500
  [1m[36mActiveRecord::SchemaMigration Load (1.0ms)[0m  [1mSELECT "schema_migrations".* FROM "schema_migrations"[0m
Processing by Rails::WelcomeController#index as HTML
  Rendered C:/RailsInstaller/Ruby1.9.3/lib/ruby/gems/1.9.1/gems/railties-4.0.2/lib/rails/templates/rails/welcome/index.html.erb (27.0ms)
Completed 200 OK in 281ms (Views: 179.0ms | ActiveRecord: 0.0ms)


Started GET "/rails/info/properties" for 127.0.0.1 at 2014-05-07 06:24:31 -0500
Processing by Rails::InfoController#properties as */*
  [1m[35mActiveRecord::SchemaMigration Load (0.0ms)[0m  SELECT "schema_migrations".* FROM "schema_migrations"
  Rendered C:/RailsInstaller/Ruby1.9.3/lib/ruby/gems/1.9.1/gems/railties-4.0.2/lib/rails/templates/rails/info/properties.html.erb (0.0ms)
Completed 200 OK in 89ms (Views: 61.0ms | ActiveRecord: 0.0ms)


Started GET "/articles" for 127.0.0.1 at 2014-05-07 06:24:43 -0500

AbstractController::ActionNotFound (The action 'index' could not be found for ArticlesController):
  actionpack (4.0.2) lib/abstract_controller/base.rb:131:in `process'
  actionpack (4.0.2) lib/abstract_controller/rendering.rb:44:in `process'
  actionpack (4.0.2) lib/action_controller/metal.rb:195:in `dispatch'
  actionpack (4.0.2) lib/action_controller/metal/rack_delegation.rb:13:in `dispatch'
  actionpack (4.0.2) lib/action_controller/metal.rb:231:in `block in action'
  actionpack (4.0.2) lib/action_dispatch/routing/route_set.rb:80:in `call'
  actionpack (4.0.2) lib/action_dispatch/routing/route_set.rb:80:in `dispatch'
  actionpack (4.0.2) lib/action_dispatch/routing/route_set.rb:48:in `call'
  actionpack (4.0.2) lib/action_dispatch/journey/router.rb:71:in `block in call'
  actionpack (4.0.2) lib/action_dispatch/journey/router.rb:59:in `each'
  actionpack (4.0.2) lib/action_dispatch/journey/router.rb:59:in `call'
  actionpack (4.0.2) lib/action_dispatch/routing/route_set.rb:680:in `call'
  rack (1.5.2) lib/rack/etag.rb:23:in `call'
  rack (1.5.2) lib/rack/conditionalget.rb:25:in `call'
  rack (1.5.2) lib/rack/head.rb:11:in `call'
  actionpack (4.0.2) lib/action_dispatch/middleware/params_parser.rb:27:in `call'
  actionpack (4.0.2) lib/action_dispatch/middleware/flash.rb:241:in `call'
  rack (1.5.2) lib/rack/session/abstract/id.rb:225:in `context'
  rack (1.5.2) lib/rack/session/abstract/id.rb:220:in `call'
  actionpack (4.0.2) lib/action_dispatch/middleware/cookies.rb:486:in `call'
  activerecord (4.0.2) lib/active_record/query_cache.rb:36:in `call'
  activerecord (4.0.2) lib/active_record/connection_adapters/abstract/connection_pool.rb:626:in `call'
  activerecord (4.0.2) lib/active_record/migration.rb:369:in `call'
  actionpack (4.0.2) lib/action_dispatch/middleware/callbacks.rb:29:in `block in call'
  activesupport (4.0.2) lib/active_support/callbacks.rb:373:in `_run__900161034__call__callbacks'
  activesupport (4.0.2) lib/active_support/callbacks.rb:80:in `run_callbacks'
  actionpack (4.0.2) lib/action_dispatch/middleware/callbacks.rb:27:in `call'
  actionpack (4.0.2) lib/action_dispatch/middleware/reloader.rb:64:in `call'
  actionpack (4.0.2) lib/action_dispatch/middleware/remote_ip.rb:76:in `call'
  actionpack (4.0.2) lib/action_dispatch/middleware/debug_exceptions.rb:17:in `call'
  actionpack (4.0.2) lib/action_dispatch/middleware/show_exceptions.rb:30:in `call'
  railties (4.0.2) lib/rails/rack/logger.rb:38:in `call_app'
  railties (4.0.2) lib/rails/rack/logger.rb:20:in `block in call'
  activesupport (4.0.2) lib/active_support/tagged_logging.rb:67:in `block in tagged'
  activesupport (4.0.2) lib/active_support/tagged_logging.rb:25:in `tagged'
  activesupport (4.0.2) lib/active_support/tagged_logging.rb:67:in `tagged'
  railties (4.0.2) lib/rails/rack/logger.rb:20:in `call'
  actionpack (4.0.2) lib/action_dispatch/middleware/request_id.rb:21:in `call'
  rack (1.5.2) lib/rack/methodoverride.rb:21:in `call'
  rack (1.5.2) lib/rack/runtime.rb:17:in `call'
  activesupport (4.0.2) lib/active_support/cache/strategy/local_cache.rb:83:in `call'
  rack (1.5.2) lib/rack/lock.rb:17:in `call'
  actionpack (4.0.2) lib/action_dispatch/middleware/static.rb:64:in `call'
  rack (1.5.2) lib/rack/sendfile.rb:112:in `call'
  railties (4.0.2) lib/rails/engine.rb:511:in `call'
  railties (4.0.2) lib/rails/application.rb:97:in `call'
  rack (1.5.2) lib/rack/lock.rb:17:in `call'
  rack (1.5.2) lib/rack/content_length.rb:14:in `call'
  rack (1.5.2) lib/rack/handler/webrick.rb:60:in `service'
  C:/RailsInstaller/Ruby1.9.3/lib/ruby/1.9.1/webrick/httpserver.rb:138:in `service'
  C:/RailsInstaller/Ruby1.9.3/lib/ruby/1.9.1/webrick/httpserver.rb:94:in `run'
  C:/RailsInstaller/Ruby1.9.3/lib/ruby/1.9.1/webrick/server.rb:191:in `block in start_thread'


  Rendered C:/RailsInstaller/Ruby1.9.3/lib/ruby/gems/1.9.1/gems/actionpack-4.0.2/lib/action_dispatch/middleware/templates/rescues/unknown_action.erb within rescues/layout (0.0ms)


Started GET "/articles/new" for 127.0.0.1 at 2014-05-07 06:26:14 -0500
Processing by ArticlesController#new as HTML
  Rendered articles/new.html.erb within layouts/application (237.0ms)
Completed 200 OK in 795ms (Views: 793.0ms | ActiveRecord: 0.0ms)


Started GET "/assets/articles.css?body=1" for 127.0.0.1 at 2014-05-07 06:26:15 -0500


Started GET "/assets/jquery_ujs.js?body=1" for 127.0.0.1 at 2014-05-07 06:26:15 -0500


Started GET "/assets/turbolinks.js?body=1" for 127.0.0.1 at 2014-05-07 06:26:15 -0500


Started GET "/assets/articles.js?body=1" for 127.0.0.1 at 2014-05-07 06:26:15 -0500


Started GET "/assets/welcome.js?body=1" for 127.0.0.1 at 2014-05-07 06:26:15 -0500


Started GET "/assets/application.js?body=1" for 127.0.0.1 at 2014-05-07 06:26:15 -0500


Started GET "/assets/welcome.css?body=1" for 127.0.0.1 at 2014-05-07 06:26:15 -0500


Started GET "/assets/jquery.js?body=1" for 127.0.0.1 at 2014-05-07 06:26:15 -0500


Started GET "/assets/application.css?body=1" for 127.0.0.1 at 2014-05-07 06:26:15 -0500


Started POST "/articles" for 127.0.0.1 at 2014-05-07 06:27:47 -0500
Processing by ArticlesController#create as HTML
  Parameters: {"utf8"=>"✓", "authenticity_token"=>"ZXKurv8PsGxw0PZ9lB88l99rkSVoChDxK8Lv5ArDZCU=", "article"=>{"title"=>"first title", "text"=>"fasdasdf"}, "commit"=>"Save Article"}
  [1m[36m (0.0ms)[0m  [1mbegin transaction[0m
  [1m[35mSQL (94.0ms)[0m  INSERT INTO "articles" ("created_at", "text", "title", "updated_at") VALUES (?, ?, ?, ?)  [["created_at", Wed, 07 May 2014 11:27:47 UTC +00:00], ["text", "fasdasdf"], ["title", "first title"], ["updated_at", Wed, 07 May 2014 11:27:47 UTC +00:00]]
  [1m[36m (29.0ms)[0m  [1mcommit transaction[0m
Redirected to http://localhost:3000/articles/2
Completed 302 Found in 276ms (ActiveRecord: 124.0ms)


Started GET "/articles/2" for 127.0.0.1 at 2014-05-07 06:27:47 -0500
Processing by ArticlesController#show as HTML
  Parameters: {"id"=>"2"}
  [1m[35mArticle Load (1.0ms)[0m  SELECT "articles".* FROM "articles" WHERE "articles"."id" = ? LIMIT 1  [["id", "2"]]
  Rendered articles/show.html.erb within layouts/application (0.0ms)
Completed 200 OK in 27ms (Views: 22.0ms | ActiveRecord: 1.0ms)


Started GET "/articles/" for 127.0.0.1 at 2014-05-07 06:31:09 -0500
Processing by ArticlesController#index as HTML
  [1m[36mArticle Load (1.0ms)[0m  [1mSELECT "articles".* FROM "articles"[0m
  Rendered articles/index.html.erb within layouts/application (11.0ms)
Completed 200 OK in 41ms (Views: 32.0ms | ActiveRecord: 3.0ms)


Started GET "/articles/" for 127.0.0.1 at 2014-05-07 06:34:19 -0500
Processing by ArticlesController#index as HTML
  [1m[35mArticle Load (1.0ms)[0m  SELECT "articles".* FROM "articles"
  Rendered articles/index.html.erb within layouts/application (4.0ms)
Completed 200 OK in 26ms (Views: 23.0ms | ActiveRecord: 1.0ms)


Started GET "/assets/articles.css?body=1" for 127.0.0.1 at 2014-05-07 06:34:19 -0500


Started GET "/assets/welcome.css?body=1" for 127.0.0.1 at 2014-05-07 06:34:19 -0500


Started GET "/assets/jquery.js?body=1" for 127.0.0.1 at 2014-05-07 06:34:19 -0500


Started GET "/assets/application.css?body=1" for 127.0.0.1 at 2014-05-07 06:34:19 -0500


Started GET "/assets/jquery_ujs.js?body=1" for 127.0.0.1 at 2014-05-07 06:34:19 -0500


Started GET "/assets/turbolinks.js?body=1" for 127.0.0.1 at 2014-05-07 06:34:19 -0500


Started GET "/assets/articles.js?body=1" for 127.0.0.1 at 2014-05-07 06:34:19 -0500


Started GET "/assets/welcome.js?body=1" for 127.0.0.1 at 2014-05-07 06:34:19 -0500


Started GET "/assets/application.js?body=1" for 127.0.0.1 at 2014-05-07 06:34:20 -0500


Started GET "/articles/new" for 127.0.0.1 at 2014-05-07 06:34:22 -0500
Processing by ArticlesController#new as HTML
  Rendered articles/new.html.erb within layouts/application (2.0ms)
Completed 200 OK in 19ms (Views: 19.0ms | ActiveRecord: 0.0ms)


Started GET "/articles" for 127.0.0.1 at 2014-05-07 06:34:24 -0500
Processing by ArticlesController#index as HTML
  [1m[36mArticle Load (1.0ms)[0m  [1mSELECT "articles".* FROM "articles"[0m
  Rendered articles/index.html.erb within layouts/application (4.0ms)
Completed 200 OK in 46ms (Views: 44.0ms | ActiveRecord: 1.0ms)


Started GET "/" for 127.0.0.1 at 2014-09-21 16:42:31 -0500
  [1m[36mActiveRecord::SchemaMigration Load (0.0ms)[0m  [1mSELECT "schema_migrations".* FROM "schema_migrations"[0m
Processing by Rails::WelcomeController#index as HTML
  Rendered C:/RailsInstaller/Ruby1.9.3/lib/ruby/gems/1.9.1/gems/railties-4.0.2/lib/rails/templates/rails/welcome/index.html.erb (77.0ms)
Completed 200 OK in 379ms (Views: 296.0ms | ActiveRecord: 0.0ms)


Started GET "/articles/" for 127.0.0.1 at 2014-09-21 16:43:10 -0500
Processing by ArticlesController#index as HTML
  [1m[35mArticle Load (0.0ms)[0m  SELECT "articles".* FROM "articles"
  Rendered articles/index.html.erb within layouts/application (14.0ms)
Completed 200 OK in 1046ms (Views: 1028.5ms | ActiveRecord: 2.0ms)


Started GET "/assets/application.css?body=1" for 127.0.0.1 at 2014-09-21 16:43:11 -0500


Started GET "/assets/articles.css?body=1" for 127.0.0.1 at 2014-09-21 16:43:11 -0500


Started GET "/assets/welcome.css?body=1" for 127.0.0.1 at 2014-09-21 16:43:11 -0500


Started GET "/assets/jquery.js?body=1" for 127.0.0.1 at 2014-09-21 16:43:11 -0500


Started GET "/assets/jquery_ujs.js?body=1" for 127.0.0.1 at 2014-09-21 16:43:11 -0500


Started GET "/assets/turbolinks.js?body=1" for 127.0.0.1 at 2014-09-21 16:43:11 -0500


Started GET "/assets/articles.js?body=1" for 127.0.0.1 at 2014-09-21 16:43:11 -0500


Started GET "/assets/welcome.js?body=1" for 127.0.0.1 at 2014-09-21 16:43:11 -0500


Started GET "/assets/application.js?body=1" for 127.0.0.1 at 2014-09-21 16:43:11 -0500


Started GET "/" for 127.0.0.1 at 2014-09-24 20:45:25 -0500
  [1m[36mActiveRecord::SchemaMigration Load (0.0ms)[0m  [1mSELECT "schema_migrations".* FROM "schema_migrations"[0m
Processing by Rails::WelcomeController#index as HTML
  Rendered C:/RailsInstaller/Ruby1.9.3/lib/ruby/gems/1.9.1/gems/railties-4.0.2/lib/rails/templates/rails/welcome/index.html.erb (23.0ms)
Completed 200 OK in 280ms (Views: 107.0ms | ActiveRecord: 0.0ms)


Started GET "/" for 127.0.0.1 at 2014-09-24 20:46:09 -0500
Processing by WelcomeController#index as HTML
  Rendered welcome/index.html.erb within layouts/application (1.0ms)
Completed 200 OK in 568ms (Views: 567.0ms | ActiveRecord: 0.0ms)


Started GET "/assets/application.css?body=1" for 127.0.0.1 at 2014-09-24 20:46:10 -0500


Started GET "/assets/jquery_ujs.js?body=1" for 127.0.0.1 at 2014-09-24 20:46:10 -0500


Started GET "/assets/jquery.js?body=1" for 127.0.0.1 at 2014-09-24 20:46:10 -0500


Started GET "/assets/application.js?body=1" for 127.0.0.1 at 2014-09-24 20:46:11 -0500


Started GET "/assets/welcome.css?body=1" for 127.0.0.1 at 2014-09-24 20:46:11 -0500


Started GET "/assets/turbolinks.js?body=1" for 127.0.0.1 at 2014-09-24 20:46:11 -0500


Started GET "/assets/articles.js?body=1" for 127.0.0.1 at 2014-09-24 20:46:11 -0500


Started GET "/assets/welcome.js?body=1" for 127.0.0.1 at 2014-09-24 20:46:11 -0500


Started GET "/assets/articles.css?body=1" for 127.0.0.1 at 2014-09-24 20:46:11 -0500


Started GET "/articles/new" for 127.0.0.1 at 2014-09-24 20:49:10 -0500
Processing by ArticlesController#new as HTML
  Rendered articles/new.html.erb within layouts/application (301.0ms)
Completed 200 OK in 351ms (Views: 338.0ms | ActiveRecord: 1.0ms)


Started GET "/assets/articles.css?body=1" for 127.0.0.1 at 2014-09-24 20:49:10 -0500


Started GET "/assets/welcome.css?body=1" for 127.0.0.1 at 2014-09-24 20:49:10 -0500


Started GET "/assets/jquery.js?body=1" for 127.0.0.1 at 2014-09-24 20:49:10 -0500


Started GET "/assets/application.css?body=1" for 127.0.0.1 at 2014-09-24 20:49:10 -0500


Started GET "/assets/jquery_ujs.js?body=1" for 127.0.0.1 at 2014-09-24 20:49:10 -0500


Started GET "/assets/turbolinks.js?body=1" for 127.0.0.1 at 2014-09-24 20:49:11 -0500


Started GET "/assets/articles.js?body=1" for 127.0.0.1 at 2014-09-24 20:49:11 -0500


Started GET "/assets/welcome.js?body=1" for 127.0.0.1 at 2014-09-24 20:49:11 -0500


Started GET "/assets/application.js?body=1" for 127.0.0.1 at 2014-09-24 20:49:11 -0500


Started POST "/articles" for 127.0.0.1 at 2014-09-24 20:55:44 -0500
Processing by ArticlesController#create as HTML
  Parameters: {"utf8"=>"✓", "authenticity_token"=>"ZXKurv8PsGxw0PZ9lB88l99rkSVoChDxK8Lv5ArDZCU=", "article"=>{"title"=>"rails is awesome!", "text"=>"I hope I complete this tutorial soon.\r\n"}, "commit"=>"Save Article"}
  [1m[35m (0.0ms)[0m  begin transaction
  [1m[36mSQL (300.0ms)[0m  [1mINSERT INTO "articles" ("created_at", "text", "title", "updated_at") VALUES (?, ?, ?, ?)[0m  [["created_at", Thu, 25 Sep 2014 01:55:44 UTC +00:00], ["text", "I hope I complete this tutorial soon.\r\n"], ["title", "rails is awesome!"], ["updated_at", Thu, 25 Sep 2014 01:55:44 UTC +00:00]]
  [1m[35m (159.0ms)[0m  commit transaction
Redirected to http://localhost:3000/articles/3
Completed 302 Found in 483ms (ActiveRecord: 459.0ms)


Started GET "/articles/3" for 127.0.0.1 at 2014-09-24 20:55:45 -0500
Processing by ArticlesController#show as HTML
  Parameters: {"id"=>"3"}
  [1m[36mArticle Load (1.0ms)[0m  [1mSELECT "articles".* FROM "articles" WHERE "articles"."id" = ? LIMIT 1[0m  [["id", "3"]]
  Rendered articles/show.html.erb within layouts/application (8.0ms)
Completed 200 OK in 60ms (Views: 42.0ms | ActiveRecord: 1.0ms)


Started GET "/assets/application.css?body=1" for 127.0.0.1 at 2014-09-24 20:55:45 -0500


Started GET "/assets/articles.css?body=1" for 127.0.0.1 at 2014-09-24 20:55:45 -0500


Started GET "/assets/welcome.css?body=1" for 127.0.0.1 at 2014-09-24 20:55:45 -0500


Started GET "/assets/jquery.js?body=1" for 127.0.0.1 at 2014-09-24 20:55:45 -0500


Started GET "/assets/jquery_ujs.js?body=1" for 127.0.0.1 at 2014-09-24 20:55:45 -0500


Started GET "/assets/turbolinks.js?body=1" for 127.0.0.1 at 2014-09-24 20:55:45 -0500


Started GET "/assets/articles.js?body=1" for 127.0.0.1 at 2014-09-24 20:55:45 -0500


Started GET "/assets/welcome.js?body=1" for 127.0.0.1 at 2014-09-24 20:55:45 -0500


Started GET "/assets/application.js?body=1" for 127.0.0.1 at 2014-09-24 20:55:46 -0500
  [1m[36mActiveRecord::SchemaMigration Load (1.0ms)[0m  [1mSELECT "schema_migrations".* FROM "schema_migrations"[0m
  [1m[35mActiveRecord::SchemaMigration Load (1.0ms)[0m  SELECT "schema_migrations".* FROM "schema_migrations"


Started GET "/articles/3" for 127.0.0.1 at 2014-09-29 20:12:43 -0500
  [1m[36mActiveRecord::SchemaMigration Load (0.0ms)[0m  [1mSELECT "schema_migrations".* FROM "schema_migrations"[0m
Processing by ArticlesController#show as HTML
  Parameters: {"id"=>"3"}
  [1m[35mArticle Load (0.0ms)[0m  SELECT "articles".* FROM "articles" WHERE "articles"."id" = ? LIMIT 1  [["id", "3"]]
  Rendered articles/show.html.erb within layouts/application (37.0ms)
Completed 200 OK in 1478ms (Views: 1326.1ms | ActiveRecord: 1.0ms)


Started GET "/" for 127.0.0.1 at 2014-09-29 20:12:49 -0500
Processing by WelcomeController#index as HTML
  Rendered welcome/index.html.erb within layouts/application (2.0ms)
Completed 200 OK in 39ms (Views: 38.0ms | ActiveRecord: 0.0ms)


Started GET "/assets/application.css?body=1" for 127.0.0.1 at 2014-09-29 20:12:47 -0500


Started GET "/assets/welcome.css?body=1" for 127.0.0.1 at 2014-09-29 20:12:47 -0500


Started GET "/assets/articles.css?body=1" for 127.0.0.1 at 2014-09-29 20:12:47 -0500


Started GET "/assets/jquery.js?body=1" for 127.0.0.1 at 2014-09-29 20:12:47 -0500


Started GET "/assets/turbolinks.js?body=1" for 127.0.0.1 at 2014-09-29 20:12:47 -0500


Started GET "/assets/jquery_ujs.js?body=1" for 127.0.0.1 at 2014-09-29 20:12:47 -0500


Started GET "/assets/articles.js?body=1" for 127.0.0.1 at 2014-09-29 20:12:47 -0500


Started GET "/assets/welcome.js?body=1" for 127.0.0.1 at 2014-09-29 20:12:47 -0500


Started GET "/assets/application.js?body=1" for 127.0.0.1 at 2014-09-29 20:12:47 -0500


Started GET "/articles" for 127.0.0.1 at 2014-09-29 20:13:22 -0500
Processing by ArticlesController#index as HTML
  [1m[36mArticle Load (1.0ms)[0m  [1mSELECT "articles".* FROM "articles"[0m
  Rendered articles/index.html.erb within layouts/application (5.0ms)
Completed 200 OK in 55ms (Views: 52.0ms | ActiveRecord: 1.0ms)


Started GET "/articles/new" for 127.0.0.1 at 2014-09-29 20:31:17 -0500
Processing by ArticlesController#new as HTML
  Rendered articles/new.html.erb within layouts/application (397.0ms)
Completed 200 OK in 464ms (Views: 452.0ms | ActiveRecord: 1.0ms)


Started GET "/assets/application.css?body=1" for 127.0.0.1 at 2014-09-29 20:31:18 -0500


Started GET "/assets/articles.css?body=1" for 127.0.0.1 at 2014-09-29 20:31:18 -0500


Started GET "/assets/welcome.css?body=1" for 127.0.0.1 at 2014-09-29 20:31:18 -0500


Started GET "/assets/jquery.js?body=1" for 127.0.0.1 at 2014-09-29 20:31:18 -0500


Started GET "/assets/jquery_ujs.js?body=1" for 127.0.0.1 at 2014-09-29 20:31:18 -0500


Started GET "/assets/turbolinks.js?body=1" for 127.0.0.1 at 2014-09-29 20:31:18 -0500


Started GET "/assets/articles.js?body=1" for 127.0.0.1 at 2014-09-29 20:31:18 -0500


Started GET "/assets/welcome.js?body=1" for 127.0.0.1 at 2014-09-29 20:31:18 -0500


Started GET "/assets/application.js?body=1" for 127.0.0.1 at 2014-09-29 20:31:18 -0500


Started POST "/articles" for 127.0.0.1 at 2014-09-29 20:31:21 -0500
Processing by ArticlesController#create as HTML
  Parameters: {"utf8"=>"✓", "authenticity_token"=>"ZXKurv8PsGxw0PZ9lB88l99rkSVoChDxK8Lv5ArDZCU=", "article"=>{"title"=>"", "text"=>""}, "commit"=>"Save Article"}
  [1m[35m (0.0ms)[0m  begin transaction
  [1m[36m (0.0ms)[0m  [1mrollback transaction[0m
  Rendered articles/new.html.erb within layouts/application (32.0ms)
Completed 200 OK in 62ms (Views: 50.0ms | ActiveRecord: 0.0ms)


Started GET "/assets/application.css?body=1" for 127.0.0.1 at 2014-09-29 20:31:21 -0500


Started GET "/assets/articles.css?body=1" for 127.0.0.1 at 2014-09-29 20:31:21 -0500


Started GET "/assets/welcome.css?body=1" for 127.0.0.1 at 2014-09-29 20:31:22 -0500


Started GET "/assets/jquery.js?body=1" for 127.0.0.1 at 2014-09-29 20:31:22 -0500


Started GET "/assets/jquery_ujs.js?body=1" for 127.0.0.1 at 2014-09-29 20:31:22 -0500


Started GET "/assets/turbolinks.js?body=1" for 127.0.0.1 at 2014-09-29 20:31:22 -0500


Started GET "/assets/articles.js?body=1" for 127.0.0.1 at 2014-09-29 20:31:22 -0500


Started GET "/assets/welcome.js?body=1" for 127.0.0.1 at 2014-09-29 20:31:22 -0500


Started GET "/assets/application.js?body=1" for 127.0.0.1 at 2014-09-29 20:31:22 -0500


Started GET "/articles/3" for 127.0.0.1 at 2014-09-30 21:37:46 -0500
Processing by ArticlesController#show as HTML
  Parameters: {"id"=>"3"}
  [1m[35mArticle Load (1.0ms)[0m  SELECT "articles".* FROM "articles" WHERE "articles"."id" = ? LIMIT 1  [["id", "3"]]
  Rendered articles/show.html.erb within layouts/application (1.0ms)
Completed 200 OK in 107ms (Views: 81.0ms | ActiveRecord: 3.0ms)


Started GET "/assets/jquery_ujs.js?body=1" for 127.0.0.1 at 2014-09-30 21:37:49 -0500


Started GET "/assets/jquery.js?body=1" for 127.0.0.1 at 2014-09-30 21:37:49 -0500


Started GET "/assets/welcome.css?body=1" for 127.0.0.1 at 2014-09-30 21:37:49 -0500


Started GET "/assets/articles.css?body=1" for 127.0.0.1 at 2014-09-30 21:37:49 -0500


Started GET "/assets/application.css?body=1" for 127.0.0.1 at 2014-09-30 21:37:49 -0500


Started GET "/assets/turbolinks.js?body=1" for 127.0.0.1 at 2014-09-30 21:37:49 -0500


Started GET "/assets/articles.js?body=1" for 127.0.0.1 at 2014-09-30 21:37:54 -0500


Started GET "/assets/welcome.js?body=1" for 127.0.0.1 at 2014-09-30 21:37:54 -0500


Started GET "/assets/application.js?body=1" for 127.0.0.1 at 2014-09-30 21:37:54 -0500


Started GET "/" for 127.0.0.1 at 2014-09-30 21:38:10 -0500
Processing by WelcomeController#index as HTML
  Rendered welcome/index.html.erb within layouts/application (1.0ms)
Completed 200 OK in 19ms (Views: 18.0ms | ActiveRecord: 0.0ms)


Started GET "/assets/jquery_ujs.js?body=1" for 127.0.0.1 at 2014-09-30 21:38:11 -0500


Started GET "/assets/articles.css?body=1" for 127.0.0.1 at 2014-09-30 21:38:11 -0500


Started GET "/assets/welcome.css?body=1" for 127.0.0.1 at 2014-09-30 21:38:11 -0500


Started GET "/assets/jquery.js?body=1" for 127.0.0.1 at 2014-09-30 21:38:11 -0500


Started GET "/assets/application.css?body=1" for 127.0.0.1 at 2014-09-30 21:38:11 -0500


Started GET "/assets/turbolinks.js?body=1" for 127.0.0.1 at 2014-09-30 21:38:11 -0500


Started GET "/assets/articles.js?body=1" for 127.0.0.1 at 2014-09-30 21:38:11 -0500


Started GET "/assets/welcome.js?body=1" for 127.0.0.1 at 2014-09-30 21:38:11 -0500


Started GET "/assets/application.js?body=1" for 127.0.0.1 at 2014-09-30 21:38:11 -0500


Started GET "/articles" for 127.0.0.1 at 2014-09-30 21:38:14 -0500
Processing by ArticlesController#index as HTML
  [1m[36mArticle Load (0.0ms)[0m  [1mSELECT "articles".* FROM "articles"[0m
  Rendered articles/index.html.erb within layouts/application (4.0ms)
Completed 200 OK in 28ms (Views: 26.0ms | ActiveRecord: 0.0ms)


Started GET "/articles" for 127.0.0.1 at 2014-09-30 21:39:01 -0500
Processing by ArticlesController#index as HTML
  [1m[35mArticle Load (0.0ms)[0m  SELECT "articles".* FROM "articles"
  Rendered articles/index.html.erb within layouts/application (4.0ms)
Completed 200 OK in 25ms (Views: 24.0ms | ActiveRecord: 0.0ms)


Started GET "/assets/application.css?body=1" for 127.0.0.1 at 2014-09-30 21:39:01 -0500


Started GET "/assets/articles.css?body=1" for 127.0.0.1 at 2014-09-30 21:39:01 -0500


Started GET "/assets/welcome.css?body=1" for 127.0.0.1 at 2014-09-30 21:39:01 -0500


Started GET "/assets/jquery.js?body=1" for 127.0.0.1 at 2014-09-30 21:39:01 -0500


Started GET "/assets/jquery_ujs.js?body=1" for 127.0.0.1 at 2014-09-30 21:39:01 -0500


Started GET "/assets/turbolinks.js?body=1" for 127.0.0.1 at 2014-09-30 21:39:01 -0500


Started GET "/assets/articles.js?body=1" for 127.0.0.1 at 2014-09-30 21:39:01 -0500


Started GET "/assets/welcome.js?body=1" for 127.0.0.1 at 2014-09-30 21:39:01 -0500


Started GET "/assets/application.js?body=1" for 127.0.0.1 at 2014-09-30 21:39:01 -0500


Started GET "/articles/1" for 127.0.0.1 at 2014-09-30 21:39:04 -0500
Processing by ArticlesController#show as HTML
  Parameters: {"id"=>"1"}
  [1m[36mArticle Load (0.0ms)[0m  [1mSELECT "articles".* FROM "articles" WHERE "articles"."id" = ? LIMIT 1[0m  [["id", "1"]]
  Rendered articles/show.html.erb within layouts/application (2.0ms)
Completed 200 OK in 24ms (Views: 21.0ms | ActiveRecord: 0.0ms)


Started GET "/articles/1/edit" for 127.0.0.1 at 2014-09-30 21:39:06 -0500
Processing by ArticlesController#edit as HTML
  Parameters: {"id"=>"1"}
  [1m[35mArticle Load (1.0ms)[0m  SELECT "articles".* FROM "articles" WHERE "articles"."id" = ? LIMIT 1  [["id", "1"]]
  Rendered articles/edit.html.erb within layouts/application (4.0ms)
Completed 200 OK in 185ms (Views: 182.0ms | ActiveRecord: 1.0ms)


Started PATCH "/articles/1" for 127.0.0.1 at 2014-09-30 21:39:15 -0500
Processing by ArticlesController#update as HTML
  Parameters: {"utf8"=>"✓", "authenticity_token"=>"ZXKurv8PsGxw0PZ9lB88l99rkSVoChDxK8Lv5ArDZCU=", "article"=>{"title"=>"first title v2", "text"=>"asdfasd"}, "commit"=>"Save Article", "id"=>"1"}
  [1m[36mArticle Load (0.0ms)[0m  [1mSELECT "articles".* FROM "articles" WHERE "articles"."id" = ? LIMIT 1[0m  [["id", "1"]]
  [1m[35m (0.0ms)[0m  begin transaction
  [1m[36mSQL (972.1ms)[0m  [1mUPDATE "articles" SET "title" = ?, "updated_at" = ? WHERE "articles"."id" = 1[0m  [["title", "first title v2"], ["updated_at", Wed, 01 Oct 2014 02:39:15 UTC +00:00]]
  [1m[35m (88.0ms)[0m  commit transaction
Redirected to http://localhost:3000/articles/1
Completed 302 Found in 1123ms (ActiveRecord: 1060.1ms)


Started GET "/articles/1" for 127.0.0.1 at 2014-09-30 21:39:16 -0500
Processing by ArticlesController#show as HTML
  Parameters: {"id"=>"1"}
  [1m[36mArticle Load (0.0ms)[0m  [1mSELECT "articles".* FROM "articles" WHERE "articles"."id" = ? LIMIT 1[0m  [["id", "1"]]
  Rendered articles/show.html.erb within layouts/application (1.0ms)
Completed 200 OK in 32ms (Views: 30.0ms | ActiveRecord: 0.0ms)


Started GET "/assets/articles.css?body=1" for 127.0.0.1 at 2014-09-30 21:39:16 -0500


Started GET "/assets/application.css?body=1" for 127.0.0.1 at 2014-09-30 21:39:16 -0500


Started GET "/assets/welcome.css?body=1" for 127.0.0.1 at 2014-09-30 21:39:17 -0500


Started GET "/assets/jquery.js?body=1" for 127.0.0.1 at 2014-09-30 21:39:17 -0500


Started GET "/assets/jquery_ujs.js?body=1" for 127.0.0.1 at 2014-09-30 21:39:17 -0500


Started GET "/assets/turbolinks.js?body=1" for 127.0.0.1 at 2014-09-30 21:39:17 -0500


Started GET "/assets/articles.js?body=1" for 127.0.0.1 at 2014-09-30 21:39:17 -0500


Started GET "/assets/welcome.js?body=1" for 127.0.0.1 at 2014-09-30 21:39:17 -0500


Started GET "/assets/application.js?body=1" for 127.0.0.1 at 2014-09-30 21:39:17 -0500


Started GET "/articles" for 127.0.0.1 at 2014-09-30 21:39:20 -0500
Processing by ArticlesController#index as HTML
  [1m[35mArticle Load (0.0ms)[0m  SELECT "articles".* FROM "articles"
  Rendered articles/index.html.erb within layouts/application (3.0ms)
Completed 200 OK in 56ms (Views: 55.0ms | ActiveRecord: 0.0ms)


Started GET "/articles/1/edit" for 127.0.0.1 at 2014-09-30 21:39:24 -0500
Processing by ArticlesController#edit as HTML
  Parameters: {"id"=>"1"}
  [1m[36mArticle Load (1.0ms)[0m  [1mSELECT "articles".* FROM "articles" WHERE "articles"."id" = ? LIMIT 1[0m  [["id", "1"]]
  Rendered articles/edit.html.erb within layouts/application (3.0ms)
Completed 200 OK in 24ms (Views: 21.0ms | ActiveRecord: 1.0ms)


Started PATCH "/articles/1" for 127.0.0.1 at 2014-09-30 21:39:31 -0500
Processing by ArticlesController#update as HTML
  Parameters: {"utf8"=>"✓", "authenticity_token"=>"ZXKurv8PsGxw0PZ9lB88l99rkSVoChDxK8Lv5ArDZCU=", "article"=>{"title"=>"first title v2", "text"=>"more stuff on the blog"}, "commit"=>"Save Article", "id"=>"1"}
  [1m[35mArticle Load (0.0ms)[0m  SELECT "articles".* FROM "articles" WHERE "articles"."id" = ? LIMIT 1  [["id", "1"]]
  [1m[36m (0.0ms)[0m  [1mbegin transaction[0m
  [1m[35mSQL (2.0ms)[0m  UPDATE "articles" SET "text" = ?, "updated_at" = ? WHERE "articles"."id" = 1  [["text", "more stuff on the blog"], ["updated_at", Wed, 01 Oct 2014 02:39:31 UTC +00:00]]
  [1m[36m (94.0ms)[0m  [1mcommit transaction[0m
Redirected to http://localhost:3000/articles/1
Completed 302 Found in 103ms (ActiveRecord: 96.0ms)


Started GET "/articles/1" for 127.0.0.1 at 2014-09-30 21:39:32 -0500
Processing by ArticlesController#show as HTML
  Parameters: {"id"=>"1"}
  [1m[35mArticle Load (1.0ms)[0m  SELECT "articles".* FROM "articles" WHERE "articles"."id" = ? LIMIT 1  [["id", "1"]]
  Rendered articles/show.html.erb within layouts/application (1.0ms)
Completed 200 OK in 36ms (Views: 34.0ms | ActiveRecord: 1.0ms)


Started GET "/assets/articles.css?body=1" for 127.0.0.1 at 2014-09-30 21:39:32 -0500


Started GET "/assets/application.css?body=1" for 127.0.0.1 at 2014-09-30 21:39:32 -0500


Started GET "/assets/welcome.css?body=1" for 127.0.0.1 at 2014-09-30 21:39:32 -0500


Started GET "/assets/jquery.js?body=1" for 127.0.0.1 at 2014-09-30 21:39:32 -0500


Started GET "/assets/jquery_ujs.js?body=1" for 127.0.0.1 at 2014-09-30 21:39:32 -0500


Started GET "/assets/turbolinks.js?body=1" for 127.0.0.1 at 2014-09-30 21:39:32 -0500


Started GET "/assets/articles.js?body=1" for 127.0.0.1 at 2014-09-30 21:39:32 -0500


Started GET "/assets/welcome.js?body=1" for 127.0.0.1 at 2014-09-30 21:39:32 -0500


Started GET "/assets/application.js?body=1" for 127.0.0.1 at 2014-09-30 21:39:32 -0500


Started GET "/articles" for 127.0.0.1 at 2014-09-30 21:39:35 -0500
Processing by ArticlesController#index as HTML
  [1m[36mArticle Load (1.0ms)[0m  [1mSELECT "articles".* FROM "articles"[0m
  Rendered articles/index.html.erb within layouts/application (3.0ms)
Completed 200 OK in 24ms (Views: 22.0ms | ActiveRecord: 1.0ms)


Started GET "/articles" for 127.0.0.1 at 2014-09-30 21:44:25 -0500
Processing by ArticlesController#index as HTML
  [1m[35mArticle Load (1.0ms)[0m  SELECT "articles".* FROM "articles"
  Rendered articles/index.html.erb within layouts/application (33.0ms)
Completed 200 OK in 64ms (Views: 53.0ms | ActiveRecord: 3.0ms)


Started GET "/assets/application.css?body=1" for 127.0.0.1 at 2014-09-30 21:44:25 -0500


Started GET "/assets/jquery.js?body=1" for 127.0.0.1 at 2014-09-30 21:44:25 -0500


Started GET "/assets/welcome.css?body=1" for 127.0.0.1 at 2014-09-30 21:44:26 -0500


Started GET "/assets/articles.css?body=1" for 127.0.0.1 at 2014-09-30 21:44:26 -0500


Started GET "/assets/jquery_ujs.js?body=1" for 127.0.0.1 at 2014-09-30 21:44:26 -0500


Started GET "/assets/turbolinks.js?body=1" for 127.0.0.1 at 2014-09-30 21:44:26 -0500


Started GET "/assets/articles.js?body=1" for 127.0.0.1 at 2014-09-30 21:44:26 -0500


Started GET "/assets/welcome.js?body=1" for 127.0.0.1 at 2014-09-30 21:44:26 -0500


Started GET "/assets/application.js?body=1" for 127.0.0.1 at 2014-09-30 21:44:26 -0500


Started DELETE "/articles/1" for 127.0.0.1 at 2014-09-30 21:44:31 -0500
Processing by ArticlesController#destroy as HTML
  Parameters: {"authenticity_token"=>"ZXKurv8PsGxw0PZ9lB88l99rkSVoChDxK8Lv5ArDZCU=", "id"=>"1"}
  [1m[36mArticle Load (4.0ms)[0m  [1mSELECT "articles".* FROM "articles" WHERE "articles"."id" = ? LIMIT 1[0m  [["id", "1"]]
  [1m[35m (0.0ms)[0m  begin transaction
  [1m[36mSQL (1.0ms)[0m  [1mDELETE FROM "articles" WHERE "articles"."id" = ?[0m  [["id", 1]]
  [1m[35m (12.0ms)[0m  commit transaction
Redirected to http://localhost:3000/articles
Completed 302 Found in 26ms (ActiveRecord: 17.0ms)


Started GET "/articles" for 127.0.0.1 at 2014-09-30 21:44:31 -0500
Processing by ArticlesController#index as HTML
  [1m[36mArticle Load (0.0ms)[0m  [1mSELECT "articles".* FROM "articles"[0m
  Rendered articles/index.html.erb within layouts/application (3.0ms)
Completed 200 OK in 31ms (Views: 30.0ms | ActiveRecord: 0.0ms)


Started GET "/assets/application.css?body=1" for 127.0.0.1 at 2014-09-30 21:44:31 -0500


Started GET "/assets/articles.css?body=1" for 127.0.0.1 at 2014-09-30 21:44:32 -0500


Started GET "/assets/welcome.css?body=1" for 127.0.0.1 at 2014-09-30 21:44:32 -0500


Started GET "/assets/jquery.js?body=1" for 127.0.0.1 at 2014-09-30 21:44:32 -0500


Started GET "/assets/jquery_ujs.js?body=1" for 127.0.0.1 at 2014-09-30 21:44:32 -0500


Started GET "/assets/turbolinks.js?body=1" for 127.0.0.1 at 2014-09-30 21:44:32 -0500


Started GET "/assets/articles.js?body=1" for 127.0.0.1 at 2014-09-30 21:44:32 -0500


Started GET "/assets/welcome.js?body=1" for 127.0.0.1 at 2014-09-30 21:44:32 -0500


Started GET "/assets/application.js?body=1" for 127.0.0.1 at 2014-09-30 21:44:32 -0500


Started GET "/articles/3/edit" for 127.0.0.1 at 2014-09-30 21:44:34 -0500
Processing by ArticlesController#edit as HTML
  Parameters: {"id"=>"3"}
  [1m[35mArticle Load (0.0ms)[0m  SELECT "articles".* FROM "articles" WHERE "articles"."id" = ? LIMIT 1  [["id", "3"]]
  Rendered articles/_form.html.erb (6.0ms)
  Rendered articles/edit.html.erb within layouts/application (87.0ms)
Completed 200 OK in 111ms (Views: 107.0ms | ActiveRecord: 0.0ms)
  [1m[36mActiveRecord::SchemaMigration Load (0.0ms)[0m  [1mSELECT "schema_migrations".* FROM "schema_migrations"[0m
Migrating to CreateComments (20141001024537)
  [1m[35m (1.0ms)[0m  begin transaction
  [1m[36m (26.0ms)[0m  [1mCREATE TABLE "comments" ("id" INTEGER PRIMARY KEY AUTOINCREMENT NOT NULL, "commenter" varchar(255), "body" text, "article_id" integer, "created_at" datetime, "updated_at" datetime) [0m
  [1m[35m (0.0ms)[0m  CREATE INDEX "index_comments_on_article_id" ON "comments" ("article_id")
  [1m[36mSQL (1.0ms)[0m  [1mINSERT INTO "schema_migrations" ("version") VALUES (?)[0m  [["version", "20141001024537"]]
  [1m[35m (18.0ms)[0m  commit transaction
  [1m[36mActiveRecord::SchemaMigration Load (1.0ms)[0m  [1mSELECT "schema_migrations".* FROM "schema_migrations"[0m


Started GET "/articles" for 127.0.0.1 at 2014-09-30 21:58:02 -0500
  [1m[36mActiveRecord::SchemaMigration Load (0.0ms)[0m  [1mSELECT "schema_migrations".* FROM "schema_migrations"[0m
Processing by ArticlesController#index as HTML
  [1m[35mArticle Load (1.0ms)[0m  SELECT "articles".* FROM "articles"
  Rendered articles/index.html.erb within layouts/application (15.0ms)
Completed 200 OK in 1401ms (Views: 1379.1ms | ActiveRecord: 3.0ms)


Started GET "/articles" for 127.0.0.1 at 2014-09-30 21:58:03 -0500
Processing by ArticlesController#index as HTML
  [1m[36mArticle Load (1.0ms)[0m  [1mSELECT "articles".* FROM "articles"[0m
  Rendered articles/index.html.erb within layouts/application (3.0ms)
Completed 200 OK in 24ms (Views: 22.0ms | ActiveRecord: 1.0ms)


Started GET "/assets/application.css?body=1" for 127.0.0.1 at 2014-09-30 21:58:04 -0500


Started GET "/assets/articles.css?body=1" for 127.0.0.1 at 2014-09-30 21:58:04 -0500


Started GET "/assets/comments.css?body=1" for 127.0.0.1 at 2014-09-30 21:58:04 -0500


Started GET "/assets/welcome.css?body=1" for 127.0.0.1 at 2014-09-30 21:58:04 -0500


Started GET "/assets/turbolinks.js?body=1" for 127.0.0.1 at 2014-09-30 21:58:04 -0500


Started GET "/assets/jquery.js?body=1" for 127.0.0.1 at 2014-09-30 21:58:04 -0500


Started GET "/assets/jquery_ujs.js?body=1" for 127.0.0.1 at 2014-09-30 21:58:04 -0500


Started GET "/assets/articles.js?body=1" for 127.0.0.1 at 2014-09-30 21:58:04 -0500


Started GET "/assets/comments.js?body=1" for 127.0.0.1 at 2014-09-30 21:58:04 -0500


Started GET "/assets/application.js?body=1" for 127.0.0.1 at 2014-09-30 21:58:04 -0500


Started GET "/assets/welcome.js?body=1" for 127.0.0.1 at 2014-09-30 21:58:04 -0500


Started GET "/articles/2" for 127.0.0.1 at 2014-09-30 21:58:08 -0500
Processing by ArticlesController#show as HTML
  Parameters: {"id"=>"2"}
  [1m[35mArticle Load (0.0ms)[0m  SELECT "articles".* FROM "articles" WHERE "articles"."id" = ? LIMIT 1  [["id", "2"]]
  [1m[36mComment Load (0.0ms)[0m  [1mSELECT "comments".* FROM "comments" WHERE "comments"."article_id" = ?[0m  [["article_id", 2]]
  Rendered articles/show.html.erb within layouts/application (311.0ms)
Completed 200 OK in 333ms (Views: 329.0ms | ActiveRecord: 2.0ms)


Started POST "/articles/2/comments" for 127.0.0.1 at 2014-09-30 21:58:21 -0500
Processing by CommentsController#create as HTML
  Parameters: {"utf8"=>"✓", "authenticity_token"=>"ZXKurv8PsGxw0PZ9lB88l99rkSVoChDxK8Lv5ArDZCU=", "comment"=>{"commenter"=>"Bob", "body"=>"this blog is turrible\r\n"}, "commit"=>"Create Comment", "article_id"=>"2"}
  [1m[35mArticle Load (1.0ms)[0m  SELECT "articles".* FROM "articles" WHERE "articles"."id" = ? LIMIT 1  [["id", "2"]]
  [1m[36m (1.0ms)[0m  [1mbegin transaction[0m
  [1m[35mSQL (2.0ms)[0m  INSERT INTO "comments" ("article_id", "body", "commenter", "created_at", "updated_at") VALUES (?, ?, ?, ?, ?)  [["article_id", 2], ["body", "this blog is turrible\r\n"], ["commenter", "Bob"], ["created_at", Wed, 01 Oct 2014 02:58:21 UTC +00:00], ["updated_at", Wed, 01 Oct 2014 02:58:21 UTC +00:00]]
  [1m[36m (6.0ms)[0m  [1mcommit transaction[0m
Redirected to http://localhost:3000/articles/2
Completed 302 Found in 66ms (ActiveRecord: 10.0ms)


Started GET "/articles/2" for 127.0.0.1 at 2014-09-30 21:58:21 -0500
Processing by ArticlesController#show as HTML
  Parameters: {"id"=>"2"}
  [1m[35mArticle Load (1.0ms)[0m  SELECT "articles".* FROM "articles" WHERE "articles"."id" = ? LIMIT 1  [["id", "2"]]
  [1m[36mComment Load (0.0ms)[0m  [1mSELECT "comments".* FROM "comments" WHERE "comments"."article_id" = ?[0m  [["article_id", 2]]
  Rendered articles/show.html.erb within layouts/application (10.0ms)
Completed 200 OK in 36ms (Views: 30.0ms | ActiveRecord: 1.0ms)


Started GET "/assets/application.css?body=1" for 127.0.0.1 at 2014-09-30 21:58:21 -0500


Started GET "/assets/articles.css?body=1" for 127.0.0.1 at 2014-09-30 21:58:22 -0500


Started GET "/assets/welcome.css?body=1" for 127.0.0.1 at 2014-09-30 21:58:22 -0500


Started GET "/assets/jquery.js?body=1" for 127.0.0.1 at 2014-09-30 21:58:22 -0500


Started GET "/assets/jquery_ujs.js?body=1" for 127.0.0.1 at 2014-09-30 21:58:22 -0500


Started GET "/assets/turbolinks.js?body=1" for 127.0.0.1 at 2014-09-30 21:58:22 -0500


Started GET "/assets/articles.js?body=1" for 127.0.0.1 at 2014-09-30 21:58:22 -0500


Started GET "/assets/welcome.js?body=1" for 127.0.0.1 at 2014-09-30 21:58:22 -0500


Started GET "/assets/application.js?body=1" for 127.0.0.1 at 2014-09-30 21:58:22 -0500


Started POST "/articles/2/comments" for 127.0.0.1 at 2014-09-30 21:58:31 -0500
Processing by CommentsController#create as HTML
  Parameters: {"utf8"=>"✓", "authenticity_token"=>"ZXKurv8PsGxw0PZ9lB88l99rkSVoChDxK8Lv5ArDZCU=", "comment"=>{"commenter"=>"Sue", "body"=>"no it's not!"}, "commit"=>"Create Comment", "article_id"=>"2"}
  [1m[35mArticle Load (0.0ms)[0m  SELECT "articles".* FROM "articles" WHERE "articles"."id" = ? LIMIT 1  [["id", "2"]]
  [1m[36m (0.0ms)[0m  [1mbegin transaction[0m
  [1m[35mSQL (6.0ms)[0m  INSERT INTO "comments" ("article_id", "body", "commenter", "created_at", "updated_at") VALUES (?, ?, ?, ?, ?)  [["article_id", 2], ["body", "no it's not!"], ["commenter", "Sue"], ["created_at", Wed, 01 Oct 2014 02:58:31 UTC +00:00], ["updated_at", Wed, 01 Oct 2014 02:58:31 UTC +00:00]]
  [1m[36m (6.0ms)[0m  [1mcommit transaction[0m
Redirected to http://localhost:3000/articles/2
Completed 302 Found in 56ms (ActiveRecord: 12.0ms)


Started GET "/articles/2" for 127.0.0.1 at 2014-09-30 21:58:31 -0500
Processing by ArticlesController#show as HTML
  Parameters: {"id"=>"2"}
  [1m[35mArticle Load (0.0ms)[0m  SELECT "articles".* FROM "articles" WHERE "articles"."id" = ? LIMIT 1  [["id", "2"]]
  [1m[36mComment Load (0.0ms)[0m  [1mSELECT "comments".* FROM "comments" WHERE "comments"."article_id" = ?[0m  [["article_id", 2]]
  Rendered articles/show.html.erb within layouts/application (7.0ms)
Completed 200 OK in 38ms (Views: 35.0ms | ActiveRecord: 0.0ms)


Started GET "/assets/application.css?body=1" for 127.0.0.1 at 2014-09-30 21:58:31 -0500


Started GET "/assets/articles.css?body=1" for 127.0.0.1 at 2014-09-30 21:58:31 -0500


Started GET "/assets/welcome.css?body=1" for 127.0.0.1 at 2014-09-30 21:58:31 -0500


Started GET "/assets/jquery.js?body=1" for 127.0.0.1 at 2014-09-30 21:58:31 -0500


Started GET "/assets/jquery_ujs.js?body=1" for 127.0.0.1 at 2014-09-30 21:58:31 -0500


Started GET "/assets/turbolinks.js?body=1" for 127.0.0.1 at 2014-09-30 21:58:31 -0500


Started GET "/assets/articles.js?body=1" for 127.0.0.1 at 2014-09-30 21:58:31 -0500


Started GET "/assets/welcome.js?body=1" for 127.0.0.1 at 2014-09-30 21:58:31 -0500


Started GET "/assets/application.js?body=1" for 127.0.0.1 at 2014-09-30 21:58:32 -0500


Started GET "/articles" for 127.0.0.1 at 2014-09-30 21:58:35 -0500
Processing by ArticlesController#index as HTML
  [1m[35mArticle Load (0.0ms)[0m  SELECT "articles".* FROM "articles"
  Rendered articles/index.html.erb within layouts/application (4.0ms)
Completed 200 OK in 27ms (Views: 26.0ms | ActiveRecord: 0.0ms)


Started GET "/articles/3" for 127.0.0.1 at 2014-09-30 21:58:37 -0500
Processing by ArticlesController#show as HTML
  Parameters: {"id"=>"3"}
  [1m[36mArticle Load (1.0ms)[0m  [1mSELECT "articles".* FROM "articles" WHERE "articles"."id" = ? LIMIT 1[0m  [["id", "3"]]
  [1m[35mComment Load (0.0ms)[0m  SELECT "comments".* FROM "comments" WHERE "comments"."article_id" = ?  [["article_id", 3]]
  Rendered articles/show.html.erb within layouts/application (6.0ms)
Completed 200 OK in 45ms (Views: 42.0ms | ActiveRecord: 1.0ms)


Started GET "/articles/2" for 127.0.0.1 at 2014-09-30 21:58:41 -0500
Processing by ArticlesController#show as HTML
  Parameters: {"id"=>"2"}
  [1m[36mArticle Load (0.0ms)[0m  [1mSELECT "articles".* FROM "articles" WHERE "articles"."id" = ? LIMIT 1[0m  [["id", "2"]]
  [1m[35mComment Load (1.0ms)[0m  SELECT "comments".* FROM "comments" WHERE "comments"."article_id" = ?  [["article_id", 2]]
  Rendered articles/show.html.erb within layouts/application (6.0ms)
Completed 200 OK in 44ms (Views: 41.0ms | ActiveRecord: 1.0ms)


Started GET "/articles" for 127.0.0.1 at 2014-09-30 22:00:42 -0500
Processing by ArticlesController#index as HTML
  [1m[36mArticle Load (1.0ms)[0m  [1mSELECT "articles".* FROM "articles"[0m
  Rendered articles/index.html.erb within layouts/application (7.0ms)
Completed 200 OK in 26ms (Views: 24.0ms | ActiveRecord: 1.0ms)


Started GET "/articles/3" for 127.0.0.1 at 2014-09-30 22:00:43 -0500
Processing by ArticlesController#show as HTML
  Parameters: {"id"=>"3"}
  [1m[35mArticle Load (1.0ms)[0m  SELECT "articles".* FROM "articles" WHERE "articles"."id" = ? LIMIT 1  [["id", "3"]]
  [1m[36mComment Load (0.0ms)[0m  [1mSELECT "comments".* FROM "comments" WHERE "comments"."article_id" = ?[0m  [["article_id", 3]]
  Rendered collection (0.0ms)
  Rendered articles/show.html.erb within layouts/application (14.0ms)
Completed 200 OK in 54ms (Views: 51.0ms | ActiveRecord: 1.0ms)


Started GET "/articles/2" for 127.0.0.1 at 2014-09-30 22:00:47 -0500
Processing by ArticlesController#show as HTML
  Parameters: {"id"=>"2"}
  [1m[35mArticle Load (0.0ms)[0m  SELECT "articles".* FROM "articles" WHERE "articles"."id" = ? LIMIT 1  [["id", "2"]]
  [1m[36mComment Load (1.0ms)[0m  [1mSELECT "comments".* FROM "comments" WHERE "comments"."article_id" = ?[0m  [["article_id", 2]]
  Rendered comments/_comment.html.erb (0.0ms)
  Rendered articles/show.html.erb within layouts/application (17.0ms)
Completed 200 OK in 57ms (Views: 54.0ms | ActiveRecord: 1.0ms)


Started GET "/articles" for 127.0.0.1 at 2014-09-30 22:00:50 -0500
Processing by ArticlesController#index as HTML
  [1m[35mArticle Load (1.0ms)[0m  SELECT "articles".* FROM "articles"
  Rendered articles/index.html.erb within layouts/application (3.0ms)
Completed 200 OK in 23ms (Views: 21.0ms | ActiveRecord: 1.0ms)


Started GET "/articles/2/edit" for 127.0.0.1 at 2014-09-30 22:00:51 -0500
Processing by ArticlesController#edit as HTML
  Parameters: {"id"=>"2"}
  [1m[36mArticle Load (1.0ms)[0m  [1mSELECT "articles".* FROM "articles" WHERE "articles"."id" = ? LIMIT 1[0m  [["id", "2"]]
  Rendered articles/_form.html.erb (7.0ms)
  Rendered articles/edit.html.erb within layouts/application (11.0ms)
Completed 200 OK in 29ms (Views: 27.0ms | ActiveRecord: 1.0ms)


Started GET "/articles/2/edit" for 127.0.0.1 at 2014-10-05 09:01:25 -0500
  [1m[36mActiveRecord::SchemaMigration Load (0.0ms)[0m  [1mSELECT "schema_migrations".* FROM "schema_migrations"[0m
Processing by ArticlesController#edit as HTML
  Parameters: {"id"=>"2"}
Filter chain halted as #<Proc:0x2b72518@C:/RailsInstaller/Ruby1.9.3/lib/ruby/gems/1.9.1/gems/actionpack-4.0.2/lib/action_controller/metal/http_authentication.rb:71> rendered or redirected
Completed 401 Unauthorized in 61ms (ActiveRecord: 0.0ms)


Started GET "/articles/3" for 127.0.0.1 at 2014-10-05 09:01:28 -0500
Processing by ArticlesController#show as HTML
  Parameters: {"id"=>"3"}
  [1m[35mArticle Load (1.0ms)[0m  SELECT "articles".* FROM "articles" WHERE "articles"."id" = ? LIMIT 1  [["id", "3"]]
  [1m[36mComment Load (56.0ms)[0m  [1mSELECT "comments".* FROM "comments" WHERE "comments"."article_id" = ?[0m  [["article_id", 3]]
  Rendered collection (0.0ms)
  Rendered comments/_form.html.erb (229.0ms)
  Rendered articles/show.html.erb within layouts/application (605.0ms)
Completed 200 OK in 1859ms (Views: 1687.1ms | ActiveRecord: 60.0ms)


Started GET "/assets/application.css?body=1" for 127.0.0.1 at 2014-10-05 09:01:30 -0500


Started GET "/assets/articles.css?body=1" for 127.0.0.1 at 2014-10-05 09:01:30 -0500


Started GET "/assets/comments.css?body=1" for 127.0.0.1 at 2014-10-05 09:01:30 -0500


Started GET "/assets/welcome.css?body=1" for 127.0.0.1 at 2014-10-05 09:01:30 -0500


Started GET "/assets/jquery.js?body=1" for 127.0.0.1 at 2014-10-05 09:01:30 -0500


Started GET "/assets/jquery_ujs.js?body=1" for 127.0.0.1 at 2014-10-05 09:01:30 -0500


Started GET "/assets/turbolinks.js?body=1" for 127.0.0.1 at 2014-10-05 09:01:30 -0500


Started GET "/assets/articles.js?body=1" for 127.0.0.1 at 2014-10-05 09:01:30 -0500


Started GET "/assets/comments.js?body=1" for 127.0.0.1 at 2014-10-05 09:01:30 -0500


Started GET "/assets/welcome.js?body=1" for 127.0.0.1 at 2014-10-05 09:01:30 -0500


Started GET "/assets/application.js?body=1" for 127.0.0.1 at 2014-10-05 09:01:30 -0500


Started GET "/articles/2/edit" for 127.0.0.1 at 2014-10-05 09:01:35 -0500
Processing by ArticlesController#edit as HTML
  Parameters: {"id"=>"2"}
Filter chain halted as #<Proc:0x2b72518@C:/RailsInstaller/Ruby1.9.3/lib/ruby/gems/1.9.1/gems/actionpack-4.0.2/lib/action_controller/metal/http_authentication.rb:71> rendered or redirected
Completed 401 Unauthorized in 2ms (ActiveRecord: 0.0ms)


Started GET "/articles/2/edit" for 127.0.0.1 at 2014-10-05 09:01:44 -0500
Processing by ArticlesController#edit as HTML
  Parameters: {"id"=>"2"}
Filter chain halted as #<Proc:0x2b72518@C:/RailsInstaller/Ruby1.9.3/lib/ruby/gems/1.9.1/gems/actionpack-4.0.2/lib/action_controller/metal/http_authentication.rb:71> rendered or redirected
Completed 401 Unauthorized in 1ms (ActiveRecord: 0.0ms)


Started GET "/articles/2/edit" for 127.0.0.1 at 2014-10-05 09:02:02 -0500
Processing by ArticlesController#edit as HTML
  Parameters: {"id"=>"2"}
  [1m[35mArticle Load (1.0ms)[0m  SELECT "articles".* FROM "articles" WHERE "articles"."id" = ? LIMIT 1  [["id", "2"]]
  Rendered articles/_form.html.erb (5.0ms)
  Rendered articles/edit.html.erb within layouts/application (12.0ms)
Completed 200 OK in 69ms (Views: 48.0ms | ActiveRecord: 1.0ms)


Started GET "/assets/application.css?body=1" for 127.0.0.1 at 2014-10-05 09:02:02 -0500


Started GET "/assets/articles.css?body=1" for 127.0.0.1 at 2014-10-05 09:02:02 -0500


Started GET "/assets/comments.css?body=1" for 127.0.0.1 at 2014-10-05 09:02:03 -0500


Started GET "/assets/welcome.css?body=1" for 127.0.0.1 at 2014-10-05 09:02:03 -0500


Started GET "/assets/jquery.js?body=1" for 127.0.0.1 at 2014-10-05 09:02:03 -0500


Started GET "/assets/jquery_ujs.js?body=1" for 127.0.0.1 at 2014-10-05 09:02:03 -0500


Started GET "/assets/turbolinks.js?body=1" for 127.0.0.1 at 2014-10-05 09:02:03 -0500


Started GET "/assets/articles.js?body=1" for 127.0.0.1 at 2014-10-05 09:02:03 -0500


Started GET "/assets/comments.js?body=1" for 127.0.0.1 at 2014-10-05 09:02:03 -0500


Started GET "/assets/welcome.js?body=1" for 127.0.0.1 at 2014-10-05 09:02:03 -0500


Started GET "/assets/application.js?body=1" for 127.0.0.1 at 2014-10-05 09:02:03 -0500


Started GET "/articles" for 127.0.0.1 at 2014-10-05 09:03:55 -0500
Processing by ArticlesController#index as HTML
  [1m[36mArticle Load (1.0ms)[0m  [1mSELECT "articles".* FROM "articles"[0m
  Rendered articles/index.html.erb within layouts/application (14.0ms)
Completed 200 OK in 46ms (Views: 35.0ms | ActiveRecord: 1.0ms)


Started GET "/" for 127.0.0.1 at 2014-10-05 09:04:00 -0500
Processing by WelcomeController#index as HTML
  Rendered welcome/index.html.erb within layouts/application (2.0ms)
Completed 200 OK in 24ms (Views: 23.0ms | ActiveRecord: 0.0ms)


Started GET "/articles" for 127.0.0.1 at 2014-10-05 09:04:02 -0500
Processing by ArticlesController#index as HTML
  [1m[35mArticle Load (0.0ms)[0m  SELECT "articles".* FROM "articles"
  Rendered articles/index.html.erb within layouts/application (7.0ms)
Completed 200 OK in 24ms (Views: 23.0ms | ActiveRecord: 0.0ms)


Started GET "/articles/2/edit" for 127.0.0.1 at 2014-10-05 09:04:05 -0500
Processing by ArticlesController#edit as HTML
  Parameters: {"id"=>"2"}
Filter chain halted as #<Proc:0x31e8088@C:/RailsInstaller/Ruby1.9.3/lib/ruby/gems/1.9.1/gems/actionpack-4.0.2/lib/action_controller/metal/http_authentication.rb:71> rendered or redirected
Completed 401 Unauthorized in 2ms (ActiveRecord: 0.0ms)


Started GET "/articles/2/edit" for 127.0.0.1 at 2014-10-05 09:04:14 -0500
Processing by ArticlesController#edit as HTML
  Parameters: {"id"=>"2"}
  [1m[36mArticle Load (0.0ms)[0m  [1mSELECT "articles".* FROM "articles" WHERE "articles"."id" = ? LIMIT 1[0m  [["id", "2"]]
  Rendered articles/_form.html.erb (5.0ms)
  Rendered articles/edit.html.erb within layouts/application (10.0ms)
Completed 200 OK in 28ms (Views: 26.0ms | ActiveRecord: 0.0ms)
