# Logfile created on 2014-04-22 06:12:37 -0500 by logger.rb/31641
I, [2014-04-22T06:12:37.913219 #6272]  INFO -- : 0:  rake (10.3.1) from C:/RailsInstaller/Ruby1.9.3/lib/ruby/gems/1.9.1/specifications/rake-10.3.1.gemspec
I, [2014-04-22T06:12:37.915219 #6272]  INFO -- : 0:  i18n (0.6.9) from C:/RailsInstaller/Ruby1.9.3/lib/ruby/gems/1.9.1/specifications/i18n-0.6.9.gemspec
I, [2014-04-22T06:12:37.917219 #6272]  INFO -- : 0:  minitest (4.7.5) from C:/RailsInstaller/Ruby1.9.3/lib/ruby/gems/1.9.1/specifications/minitest-4.7.5.gemspec
I, [2014-04-22T06:12:40.513368 #6272]  INFO -- : 0:  multi_json (1.9.2) from C:/RailsInstaller/Ruby1.9.3/lib/ruby/gems/1.9.1/specifications/multi_json-1.9.2.gemspec
I, [2014-04-22T06:12:43.216523 #6272]  INFO -- : 0:  thread_safe (0.3.3) from C:/RailsInstaller/Ruby1.9.3/lib/ruby/gems/1.9.1/specifications/thread_safe-0.3.3.gemspec
I, [2014-04-22T06:12:52.328044 #6272]  INFO -- : 0:  tzinfo (0.3.39) from C:/RailsInstaller/Ruby1.9.3/lib/ruby/gems/1.9.1/specifications/tzinfo-0.3.39.gemspec
I, [2014-04-22T06:12:52.329044 #6272]  INFO -- : 0:  activesupport (4.0.2) from C:/RailsInstaller/Ruby1.9.3/lib/ruby/gems/1.9.1/specifications/activesupport-4.0.2.gemspec
I, [2014-04-22T06:12:52.331044 #6272]  INFO -- : 0:  builder (3.1.4) from C:/RailsInstaller/Ruby1.9.3/lib/ruby/gems/1.9.1/specifications/builder-3.1.4.gemspec
I, [2014-04-22T06:12:52.332044 #6272]  INFO -- : 0:  erubis (2.7.0) from C:/RailsInstaller/Ruby1.9.3/lib/ruby/gems/1.9.1/specifications/erubis-2.7.0.gemspec
I, [2014-04-22T06:12:52.333044 #6272]  INFO -- : 0:  rack (1.5.2) from C:/RailsInstaller/Ruby1.9.3/lib/ruby/gems/1.9.1/specifications/rack-1.5.2.gemspec
I, [2014-04-22T06:12:52.335044 #6272]  INFO -- : 0:  rack-test (0.6.2) from C:/RailsInstaller/Ruby1.9.3/lib/ruby/gems/1.9.1/specifications/rack-test-0.6.2.gemspec
I, [2014-04-22T06:12:52.336044 #6272]  INFO -- : 0:  actionpack (4.0.2) from C:/RailsInstaller/Ruby1.9.3/lib/ruby/gems/1.9.1/specifications/actionpack-4.0.2.gemspec
I, [2014-04-22T06:12:52.337044 #6272]  INFO -- : 0:  mime-types (1.25.1) from C:/RailsInstaller/Ruby1.9.3/lib/ruby/gems/1.9.1/specifications/mime-types-1.25.1.gemspec
I, [2014-04-22T06:12:54.083144 #6272]  INFO -- : 0:  polyglot (0.3.4) from C:/RailsInstaller/Ruby1.9.3/lib/ruby/gems/1.9.1/specifications/polyglot-0.3.4.gemspec
I, [2014-04-22T06:12:54.085144 #6272]  INFO -- : 0:  treetop (1.4.15) from C:/RailsInstaller/Ruby1.9.3/lib/ruby/gems/1.9.1/specifications/treetop-1.4.15.gemspec
I, [2014-04-22T06:12:54.086144 #6272]  INFO -- : 0:  mail (2.5.4) from C:/RailsInstaller/Ruby1.9.3/lib/ruby/gems/1.9.1/specifications/mail-2.5.4.gemspec
I, [2014-04-22T06:12:54.087144 #6272]  INFO -- : 0:  actionmailer (4.0.2) from C:/RailsInstaller/Ruby1.9.3/lib/ruby/gems/1.9.1/specifications/actionmailer-4.0.2.gemspec
I, [2014-04-22T06:12:54.089144 #6272]  INFO -- : 0:  activemodel (4.0.2) from C:/RailsInstaller/Ruby1.9.3/lib/ruby/gems/1.9.1/specifications/activemodel-4.0.2.gemspec
I, [2014-04-22T06:12:54.090145 #6272]  INFO -- : 0:  activerecord-deprecated_finders (1.0.3) from C:/RailsInstaller/Ruby1.9.3/lib/ruby/gems/1.9.1/specifications/activerecord-deprecated_finders-1.0.3.gemspec
I, [2014-04-22T06:12:57.444336 #6272]  INFO -- : 0:  arel (4.0.2) from C:/RailsInstaller/Ruby1.9.3/lib/ruby/gems/1.9.1/specifications/arel-4.0.2.gemspec
I, [2014-04-22T06:12:57.446336 #6272]  INFO -- : 0:  activerecord (4.0.2) from C:/RailsInstaller/Ruby1.9.3/lib/ruby/gems/1.9.1/specifications/activerecord-4.0.2.gemspec
I, [2014-04-22T06:12:57.447337 #6272]  INFO -- : 0:  bundler (1.5.1) from C:/RailsInstaller/Ruby1.9.3/lib/ruby/gems/1.9.1/specifications/bundler-1.5.1.gemspec
I, [2014-04-22T06:12:59.651463 #6272]  INFO -- : 0:  coffee-script-source (1.7.0) from C:/RailsInstaller/Ruby1.9.3/lib/ruby/gems/1.9.1/specifications/coffee-script-source-1.7.0.gemspec
I, [2014-04-22T06:12:59.653463 #6272]  INFO -- : 0:  execjs (2.0.2) from C:/RailsInstaller/Ruby1.9.3/lib/ruby/gems/1.9.1/specifications/execjs-2.0.2.gemspec
I, [2014-04-22T06:12:59.654463 #6272]  INFO -- : 0:  coffee-script (2.2.0) from C:/RailsInstaller/Ruby1.9.3/lib/ruby/gems/1.9.1/specifications/coffee-script-2.2.0.gemspec
I, [2014-04-22T06:13:02.547628 #6272]  INFO -- : 0:  thor (0.19.1) from C:/RailsInstaller/Ruby1.9.3/lib/ruby/gems/1.9.1/specifications/thor-0.19.1.gemspec
I, [2014-04-22T06:13:02.549628 #6272]  INFO -- : 0:  railties (4.0.2) from C:/RailsInstaller/Ruby1.9.3/lib/ruby/gems/1.9.1/specifications/railties-4.0.2.gemspec
I, [2014-04-22T06:13:02.550628 #6272]  INFO -- : 0:  coffee-rails (4.0.1) from C:/RailsInstaller/Ruby1.9.3/lib/ruby/gems/1.9.1/specifications/coffee-rails-4.0.1.gemspec
I, [2014-04-22T06:13:02.554629 #6272]  INFO -- : 0:  hike (1.2.3) from C:/RailsInstaller/Ruby1.9.3/lib/ruby/gems/1.9.1/specifications/hike-1.2.3.gemspec
I, [2014-04-22T06:13:04.389734 #6272]  INFO -- : 0:  jbuilder (1.5.3) from C:/RailsInstaller/Ruby1.9.3/lib/ruby/gems/1.9.1/specifications/jbuilder-1.5.3.gemspec
I, [2014-04-22T06:13:07.458909 #6272]  INFO -- : 0:  jquery-rails (3.1.0) from C:/RailsInstaller/Ruby1.9.3/lib/ruby/gems/1.9.1/specifications/jquery-rails-3.1.0.gemspec
I, [2014-04-22T06:13:07.460909 #6272]  INFO -- : 0:  json (1.8.1) from C:/RailsInstaller/Ruby1.9.3/lib/ruby/gems/1.9.1/specifications/json-1.8.1.gemspec
I, [2014-04-22T06:13:07.462909 #6272]  INFO -- : 0:  tilt (1.4.1) from C:/RailsInstaller/Ruby1.9.3/lib/ruby/gems/1.9.1/specifications/tilt-1.4.1.gemspec
I, [2014-04-22T06:13:09.654035 #6272]  INFO -- : 0:  sprockets (2.11.0) from C:/RailsInstaller/Ruby1.9.3/lib/ruby/gems/1.9.1/specifications/sprockets-2.11.0.gemspec
I, [2014-04-22T06:13:09.656035 #6272]  INFO -- : 0:  sprockets-rails (2.0.1) from C:/RailsInstaller/Ruby1.9.3/lib/ruby/gems/1.9.1/specifications/sprockets-rails-2.0.1.gemspec
I, [2014-04-22T06:13:09.658035 #6272]  INFO -- : 0:  rails (4.0.2) from C:/RailsInstaller/Ruby1.9.3/lib/ruby/gems/1.9.1/specifications/rails-4.0.2.gemspec
I, [2014-04-22T06:13:15.230354 #6272]  INFO -- : 0:  rdoc (4.1.1) from C:/RailsInstaller/Ruby1.9.3/lib/ruby/gems/1.9.1/specifications/rdoc-4.1.1.gemspec
I, [2014-04-22T06:13:21.846732 #6272]  INFO -- : 0:  sass (3.2.19) from C:/RailsInstaller/Ruby1.9.3/lib/ruby/gems/1.9.1/specifications/sass-3.2.19.gemspec
I, [2014-04-22T06:13:26.658007 #6272]  INFO -- : 0:  sass-rails (4.0.3) from C:/RailsInstaller/Ruby1.9.3/lib/ruby/gems/1.9.1/specifications/sass-rails-4.0.3.gemspec
I, [2014-04-22T06:13:29.472168 #6272]  INFO -- : 0:  sdoc (0.4.0) from C:/RailsInstaller/Ruby1.9.3/lib/ruby/gems/1.9.1/specifications/sdoc-0.4.0.gemspec
I, [2014-04-22T06:13:33.453396 #6272]  INFO -- : 0:  sqlite3 (1.3.9) from C:/RailsInstaller/Ruby1.9.3/lib/ruby/gems/1.9.1/specifications/sqlite3-1.3.9-x86-mingw32.gemspec
I, [2014-04-22T06:13:35.722526 #6272]  INFO -- : 0:  turbolinks (2.2.2) from C:/RailsInstaller/Ruby1.9.3/lib/ruby/gems/1.9.1/specifications/turbolinks-2.2.2.gemspec
I, [2014-04-22T06:13:38.535687 #6272]  INFO -- : 0:  uglifier (2.5.0) from C:/RailsInstaller/Ruby1.9.3/lib/ruby/gems/1.9.1/specifications/uglifier-2.5.0.gemspec
